<?xml version="1.0" encoding="UTF-8"?>
<testsuite xmlns:xsi="http://www.w3.org/2001/XMLSchema-instance" xsi:noNamespaceSchemaLocation="https://maven.apache.org/surefire/maven-failsafe-plugin/xsd/failsafe-test-report-3.0.xsd" version="3.0" name="io.cucumber.skeleton.CucumberTestSuite" time="39.786" tests="1" errors="0" skipped="0" failures="0">
  <properties>
[...]
</properties>
  <testcase name="Adds 2 products" classname="Test Shopping Cart" time="37.796">
    <system-out><![CDATA[13:08:46.870 [main] DEBUG net.thucydides.core.guice.Injectors - Created injector for module net.thucydides.core.guice.ThucydidesModule
13:08:47.049 [main] INFO io.cucumber.core.plugin.SerenityReporter - Running feature from file:///C:/Users/diego/OneDrive/Documentos/CHALLENGE/ejercicio1/src/test/resources/io/cucumber/skeleton/buyItems.feature
13:08:47.049 [main] WARN io.cucumber.core.plugin.SerenityReporter - Feature from file:///C:/Users/diego/OneDrive/Documentos/CHALLENGE/ejercicio1/src/test/resources/io/cucumber/skeleton/buyItems.feature is not under the 'features' directory. Requirements report will not be correctly generated!
13:08:47.058 [main] INFO net.thucydides.core.steps.StepEventBus - Loading JUnit Platform configuration parameters from classpath resource [junit-platform.properties].
13:08:47.155 [main] DEBUG net.thucydides.core.guice.Injectors - Created injector for module net.thucydides.core.guice.webdriver.WebDriverModule
13:08:47.168 [main] INFO  - 

-------------------------------------------------------------------------------------
     _______. _______ .______       _______ .__   __.  __  .___________.____    ____ 
    /       ||   ____||   _  \     |   ____||  \ |  | |  | |           |\   \  /   / 
   |   (----`|  |__   |  |_)  |    |  |__   |   \|  | |  | `---|  |----` \   \/   /  
    \   \    |   __|  |      /     |   __|  |  . `  | |  |     |  |       \_    _/   
.----)   |   |  |____ |  |\  \----.|  |____ |  |\   | |  |     |  |         |  |     
|_______/    |_______|| _| `._____||_______||__| \__| |__|     |__|         |__|    
                                                                                     
 News and tutorials at http://www.serenity-bdd.info                                  
 Documentation at https://wakaleo.gitbooks.io/the-serenity-book/content/             
 Join the Serenity Community on Gitter: https://gitter.im/serenity-bdd/serenity-core 
 Serenity BDD Support and Training at http://serenity-bdd.info/#/trainingandsupport  
-------------------------------------------------------------------------------------

13:08:47.169 [main] DEBUG net.thucydides.core.steps.StepEventBus - Test suite started for story net.thucydides.core.model.Story@3a663547
13:08:47.170 [main] INFO  - Test Suite Started: Test Shopping Cart
13:08:47.179 [main] INFO io.cucumber.core.plugin.SerenityReporter - Running feature from file:///C:/Users/diego/OneDrive/Documentos/CHALLENGE/ejercicio1/src/test/resources/io/cucumber/skeleton/buyItems.feature
13:08:47.179 [main] WARN io.cucumber.core.plugin.SerenityReporter - Feature from file:///C:/Users/diego/OneDrive/Documentos/CHALLENGE/ejercicio1/src/test/resources/io/cucumber/skeleton/buyItems.feature is not under the 'features' directory. Requirements report will not be correctly generated!
13:08:47.181 [main] DEBUG net.thucydides.core.steps.StepEventBus - Test suite started for story net.thucydides.core.model.Story@3a663547
13:08:47.181 [main] INFO  - Test Suite Started: Test Shopping Cart

Scenario: Adds 2 products                                                                                                                              &amp#27;[90m# src/test/resources/io/cucumber/skeleton/buyItems.feature:3&amp#27;[0m
13:08:47.238 [main] INFO io.cucumber.core.plugin.SerenityReporter - Running feature from file:///C:/Users/diego/OneDrive/Documentos/CHALLENGE/ejercicio1/src/test/resources/io/cucumber/skeleton/buyItems.feature
13:08:47.238 [main] WARN io.cucumber.core.plugin.SerenityReporter - Feature from file:///C:/Users/diego/OneDrive/Documentos/CHALLENGE/ejercicio1/src/test/resources/io/cucumber/skeleton/buyItems.feature is not under the 'features' directory. Requirements report will not be correctly generated!
13:08:47.304 [main] INFO  - 
  _____   ___   ___   _____     ___   _____     _     ___   _____   ___   ___  
 |_   _| | __| / __| |_   _|   / __| |_   _|   /_\   | _ \ |_   _| | __| |   \ 
   | |   | _|  \__ \   | |     \__ \   | |    / _ \  |   /   | |   | _|  | |) |
   |_|   |___| |___/   |_|     |___/   |_|   /_/ \_\ |_|_\   |_|   |___| |___/ 

Adds 2 products(test-shopping-cart;adds-2-products)
--------------------------------------------------------------------------------
13:08:47.639 [main] DEBUG net.thucydides.core.steps.StepInterceptor - STARTING STEP: OpenCartStepDefinition.on_the_OpenCart_home_page - !#title
13:08:47.654 [main] DEBUG net.thucydides.core.steps.StepInterceptor - STARTING STEP: OpenCartStepDefinition.on_the_OpenCart_home_page - {0} opens the #targetPageName
13:08:47.669 [main] INFO net.serenitybdd.core.webdriver.driverproviders.DriverProvider - Using WebDriverManager configuration for chrome
13:08:47.919 [main] DEBUG io.github.bonigarcia.wdm.cache.ResolutionCache - Resolution chrome=113 in cache (valid until 11:21:12 12/05/2023 PDT)
13:08:47.920 [main] DEBUG io.github.bonigarcia.wdm.cache.ResolutionCache - Resolution chrome113=113.0.5672.63 in cache (valid until 08:14:14 13/05/2023 PDT)
13:08:47.920 [main] INFO io.github.bonigarcia.wdm.WebDriverManager - Using chromedriver 113.0.5672.63 (resolved driver for Chrome 113)
13:08:47.931 [main] DEBUG io.github.bonigarcia.wdm.WebDriverManager - Driver chromedriver 113.0.5672.63 found in cache
13:08:47.932 [main] INFO io.github.bonigarcia.wdm.WebDriverManager - Exporting webdriver.chrome.driver as C:\Users\diego\.cache\selenium\chromedriver\win32\113.0.5672.63\chromedriver.exe
13:08:47.973 [main] INFO net.serenitybdd.core.webdriver.driverproviders.ChromeDriverProvider - Starting Chrome driver instance with capabilities:
13:08:47.974 [main] INFO net.serenitybdd.core.webdriver.driverproviders.ChromeDriverProvider - Capabilities {acceptInsecureCerts: false, browserName: chrome, goog:chromeOptions: {args: [--start-maximized, --test-type, --no-sandbox, --ignore-certificate-errors, --remote-allow-origins=*, --disable-popup-blocking, --disable-default-apps, --disable-extensions-file-a..., --incognito, --disable-infobars,--disabl...], extensions: []}}
13:08:48.016 [main] DEBUG io.netty.util.internal.logging.InternalLoggerFactory - Using SLF4J as the default logging framework
13:08:48.019 [main] DEBUG io.netty.util.ResourceLeakDetector - -Dio.netty.leakDetection.level: simple
13:08:48.019 [main] DEBUG io.netty.util.ResourceLeakDetector - -Dio.netty.leakDetection.targetRecords: 4
13:08:48.021 [main] DEBUG io.netty.util.ResourceLeakDetectorFactory - Loaded default ResourceLeakDetector: io.netty.util.ResourceLeakDetector@2373ad99
13:08:48.033 [main] DEBUG io.netty.util.internal.PlatformDependent0 - -Dio.netty.noUnsafe: false
13:08:48.033 [main] DEBUG io.netty.util.internal.PlatformDependent0 - Java version: 8
13:08:48.033 [main] DEBUG io.netty.util.internal.PlatformDependent0 - sun.misc.Unsafe.theUnsafe: available
13:08:48.034 [main] DEBUG io.netty.util.internal.PlatformDependent0 - sun.misc.Unsafe.copyMemory: available
13:08:48.034 [main] DEBUG io.netty.util.internal.PlatformDependent0 - sun.misc.Unsafe.storeFence: available
13:08:48.034 [main] DEBUG io.netty.util.internal.PlatformDependent0 - java.nio.Buffer.address: available
13:08:48.034 [main] DEBUG io.netty.util.internal.PlatformDependent0 - direct buffer constructor: available
13:08:48.035 [main] DEBUG io.netty.util.internal.PlatformDependent0 - java.nio.Bits.unaligned: available, true
13:08:48.035 [main] DEBUG io.netty.util.internal.PlatformDependent0 - jdk.internal.misc.Unsafe.allocateUninitializedArray(int): unavailable prior to Java9
13:08:48.035 [main] DEBUG io.netty.util.internal.PlatformDependent0 - java.nio.DirectByteBuffer.<init>(long, int): available
13:08:48.035 [main] DEBUG io.netty.util.internal.PlatformDependent - sun.misc.Unsafe: available
13:08:48.035 [main] DEBUG io.netty.util.internal.PlatformDependent - -Dio.netty.tmpdir: C:\Users\diego\AppData\Local\Temp (java.io.tmpdir)
13:08:48.035 [main] DEBUG io.netty.util.internal.PlatformDependent - -Dio.netty.bitMode: 64 (sun.arch.data.model)
13:08:48.035 [main] DEBUG io.netty.util.internal.PlatformDependent - Platform: Windows
13:08:48.036 [main] DEBUG io.netty.util.internal.PlatformDependent - -Dio.netty.maxDirectMemory: 9466544128 bytes
13:08:48.036 [main] DEBUG io.netty.util.internal.PlatformDependent - -Dio.netty.uninitializedArrayAllocationThreshold: -1
13:08:48.036 [main] DEBUG io.netty.util.internal.CleanerJava6 - java.nio.ByteBuffer.cleaner(): available
13:08:48.036 [main] DEBUG io.netty.util.internal.PlatformDependent - -Dio.netty.noPreferDirect: false
13:08:48.040 [main] DEBUG io.netty.util.internal.PlatformDependent - org.jctools-core.MpscChunkedArrayQueue: available
13:08:48.053 [main] DEBUG io.netty.util.internal.InternalThreadLocalMap - -Dio.netty.threadLocalMap.stringBuilder.initialSize: 1024
13:08:48.054 [main] DEBUG io.netty.util.internal.InternalThreadLocalMap - -Dio.netty.threadLocalMap.stringBuilder.maxSize: 4096
13:08:48.071 [main] DEBUG io.netty.handler.ssl.JdkSslContext - Default protocols (JDK): [TLSv1.2, TLSv1.1, TLSv1] 
13:08:48.071 [main] DEBUG io.netty.handler.ssl.JdkSslContext - Default cipher suites (JDK): [TLS_ECDHE_ECDSA_WITH_AES_256_GCM_SHA384, TLS_ECDHE_ECDSA_WITH_AES_128_GCM_SHA256, TLS_ECDHE_RSA_WITH_AES_128_GCM_SHA256, TLS_ECDHE_RSA_WITH_AES_256_GCM_SHA384, TLS_ECDHE_RSA_WITH_AES_128_CBC_SHA, TLS_ECDHE_RSA_WITH_AES_256_CBC_SHA, TLS_RSA_WITH_AES_128_GCM_SHA256, TLS_RSA_WITH_AES_128_CBC_SHA, TLS_RSA_WITH_AES_256_CBC_SHA]
13:08:48.134 [main] DEBUG io.netty.channel.MultithreadEventLoopGroup - -Dio.netty.eventLoopThreads: 32
13:08:48.138 [main] DEBUG io.netty.channel.nio.NioEventLoop - -Dio.netty.noKeySetOptimization: false
13:08:48.138 [main] DEBUG io.netty.channel.nio.NioEventLoop - -Dio.netty.selectorAutoRebuildThreshold: 512
13:08:48.166 [main] DEBUG io.netty.buffer.PooledByteBufAllocator - -Dio.netty.allocator.numHeapArenas: 32
13:08:48.166 [main] DEBUG io.netty.buffer.PooledByteBufAllocator - -Dio.netty.allocator.numDirectArenas: 32
13:08:48.166 [main] DEBUG io.netty.buffer.PooledByteBufAllocator - -Dio.netty.allocator.pageSize: 8192
13:08:48.166 [main] DEBUG io.netty.buffer.PooledByteBufAllocator - -Dio.netty.allocator.maxOrder: 9
13:08:48.166 [main] DEBUG io.netty.buffer.PooledByteBufAllocator - -Dio.netty.allocator.chunkSize: 4194304
13:08:48.166 [main] DEBUG io.netty.buffer.PooledByteBufAllocator - -Dio.netty.allocator.smallCacheSize: 256
13:08:48.166 [main] DEBUG io.netty.buffer.PooledByteBufAllocator - -Dio.netty.allocator.normalCacheSize: 64
13:08:48.166 [main] DEBUG io.netty.buffer.PooledByteBufAllocator - -Dio.netty.allocator.maxCachedBufferCapacity: 32768
13:08:48.166 [main] DEBUG io.netty.buffer.PooledByteBufAllocator - -Dio.netty.allocator.cacheTrimInterval: 8192
13:08:48.166 [main] DEBUG io.netty.buffer.PooledByteBufAllocator - -Dio.netty.allocator.cacheTrimIntervalMillis: 0
13:08:48.166 [main] DEBUG io.netty.buffer.PooledByteBufAllocator - -Dio.netty.allocator.useCacheForAllThreads: false
13:08:48.166 [main] DEBUG io.netty.buffer.PooledByteBufAllocator - -Dio.netty.allocator.maxCachedByteBuffersPerChunk: 1023
13:08:48.174 [main] DEBUG io.netty.buffer.ByteBufUtil - -Dio.netty.allocator.type: pooled
13:08:48.174 [main] DEBUG io.netty.buffer.ByteBufUtil - -Dio.netty.threadLocalDirectBufferSize: 0
13:08:48.174 [main] DEBUG io.netty.buffer.ByteBufUtil - -Dio.netty.maxThreadLocalCharBufferSize: 16384
13:08:48.354 [Forwarding newSession on session null to remote] DEBUG io.netty.channel.DefaultChannelId - -Dio.netty.processId: 14816 (auto-detected)
13:08:48.356 [Forwarding newSession on session null to remote] DEBUG io.netty.util.NetUtil - -Djava.net.preferIPv4Stack: false
13:08:48.356 [Forwarding newSession on session null to remote] DEBUG io.netty.util.NetUtil - -Djava.net.preferIPv6Addresses: false
13:08:48.411 [Forwarding newSession on session null to remote] DEBUG io.netty.util.NetUtilInitializations - Loopback interface: lo (Software Loopback Interface 1, 127.0.0.1)
13:08:48.411 [Forwarding newSession on session null to remote] DEBUG io.netty.util.NetUtil - Failed to get SOMAXCONN from sysctl and file \proc\sys\net\core\somaxconn. Default: 200
13:08:48.416 [Forwarding newSession on session null to remote] DEBUG io.netty.channel.DefaultChannelId - -Dio.netty.machineId: 70:cd:0d:ff:fe:00:b3:24 (auto-detected)
13:08:48.446 [AsyncHttpClient-1-2] DEBUG io.netty.buffer.AbstractByteBuf - -Dio.netty.buffer.checkAccessible: true
13:08:48.446 [AsyncHttpClient-1-2] DEBUG io.netty.buffer.AbstractByteBuf - -Dio.netty.buffer.checkBounds: true
13:08:48.446 [AsyncHttpClient-1-2] DEBUG io.netty.util.ResourceLeakDetectorFactory - Loaded default ResourceLeakDetector: io.netty.util.ResourceLeakDetector@2fef994c
13:08:48.454 [AsyncHttpClient-1-2] DEBUG org.asynchttpclient.netty.channel.NettyConnectListener - Using new Channel '[id: 0x4eddb369, L:/127.0.0.1:58747 - R:localhost/127.0.0.1:7138]' for 'POST' to '/session'
13:08:48.464 [AsyncHttpClient-1-2] DEBUG io.netty.util.Recycler - -Dio.netty.recycler.maxCapacityPerThread: 4096
13:08:48.464 [AsyncHttpClient-1-2] DEBUG io.netty.util.Recycler - -Dio.netty.recycler.ratio: 8
13:08:48.464 [AsyncHttpClient-1-2] DEBUG io.netty.util.Recycler - -Dio.netty.recycler.chunkSize: 32
13:08:48.464 [AsyncHttpClient-1-2] DEBUG io.netty.util.Recycler - -Dio.netty.recycler.blocking: false
13:08:48.932 [AsyncHttpClient-1-2] DEBUG io.netty.handler.codec.compression.Brotli - brotli4j not in the classpath; Brotli support will be unavailable.
13:08:48.932 [AsyncHttpClient-1-2] DEBUG org.asynchttpclient.netty.handler.HttpHandler - 

Request DefaultHttpRequest(decodeResult: success, version: HTTP/1.1)
POST /session HTTP/1.1
User-Agent: selenium/4.8.0 (java windows)
Content-Length: 1151
Content-Type: application/json; charset=utf-8
host: localhost:7138
accept: */*

Response DefaultHttpResponse(decodeResult: success, version: HTTP/1.1)
HTTP/1.1 200 OK
Content-Length: 859
Content-Type: application/json; charset=utf-8
cache-control: no-cache

13:08:48.937 [AsyncHttpClient-1-2] DEBUG org.asynchttpclient.netty.channel.ChannelManager - Adding key: http://localhost:7138 for channel [id: 0x4eddb369, L:/127.0.0.1:58747 - R:localhost/127.0.0.1:7138]
13:08:48.971 [AsyncHttpClient-1-3] DEBUG org.asynchttpclient.netty.channel.NettyConnectListener - Using new Channel '[id: 0xab3abc24, L:/127.0.0.1:58754 - R:localhost/127.0.0.1:58748]' for 'GET' to '/json/version'
13:08:48.972 [AsyncHttpClient-1-3] DEBUG org.asynchttpclient.netty.handler.HttpHandler - 

Request DefaultFullHttpRequest(decodeResult: success, version: HTTP/1.1, content: EmptyByteBufBE)
GET /json/version HTTP/1.1
User-Agent: selenium/4.8.0 (java windows)
host: localhost:58748
accept: */*

Response DefaultHttpResponse(decodeResult: success, version: HTTP/1.1)
HTTP/1.1 200 OK
Content-Security-Policy: frame-ancestors 'none'
Content-Length: 422
Content-Type: application/json; charset=UTF-8

13:08:48.973 [AsyncHttpClient-1-3] DEBUG org.asynchttpclient.netty.channel.ChannelManager - Adding key: http://localhost:58748 for channel [id: 0xab3abc24, L:/127.0.0.1:58754 - R:localhost/127.0.0.1:58748]
13:08:48.978 [main] DEBUG io.netty.util.internal.ThreadLocalRandom - -Dio.netty.initialSeedUniquifier: 0xb588d444a10b0eb7
13:08:48.980 [AsyncHttpClient-1-4] DEBUG org.asynchttpclient.netty.channel.NettyConnectListener - Using new Channel '[id: 0x3c0a10de, L:/127.0.0.1:58755 - R:localhost/127.0.0.1:58748]' for 'GET' to '/devtools/browser/785298b3-662b-4228-90d7-67daa84d1a9e'
13:08:48.981 [AsyncHttpClient-1-4] DEBUG org.asynchttpclient.netty.handler.WebSocketHandler - 

Request DefaultFullHttpRequest(decodeResult: success, version: HTTP/1.1, content: EmptyByteBufBE)
GET /devtools/browser/785298b3-662b-4228-90d7-67daa84d1a9e HTTP/1.1
upgrade: websocket
connection: upgrade
sec-websocket-key: J9jIYUkyPLhZ5VeJzn4Jsg==
sec-websocket-version: 13
origin: http://localhost:58748
host: localhost:58748
accept: */*
user-agent: AHC/2.1

Response DefaultHttpResponse(decodeResult: success, version: HTTP/1.1)
HTTP/1.1 101 WebSocket Protocol Handshake
Upgrade: WebSocket
Connection: Upgrade
Sec-WebSocket-Accept: tVVcHvorNbik6NkbQ2DC/9yTy0Y=

13:08:49.015 [Forwarding setTimeout on session 5ad97dfb5cc8ee7bdc66ecb7503f8fc1 to remote] DEBUG org.asynchttpclient.netty.request.NettyRequestSender - Using pooled Channel '[id: 0x4eddb369, L:/127.0.0.1:58747 - R:localhost/127.0.0.1:7138]' for 'POST' to 'http://localhost:7138/session/5ad97dfb5cc8ee7bdc66ecb7503f8fc1/timeouts'
13:08:49.015 [Forwarding setTimeout on session 5ad97dfb5cc8ee7bdc66ecb7503f8fc1 to remote] DEBUG org.asynchttpclient.netty.request.NettyRequestSender - Using open Channel [id: 0x4eddb369, L:/127.0.0.1:58747 - R:localhost/127.0.0.1:7138] for POST '/session/5ad97dfb5cc8ee7bdc66ecb7503f8fc1/timeouts'
13:08:49.018 [AsyncHttpClient-1-2] DEBUG org.asynchttpclient.netty.handler.HttpHandler - 

Request DefaultHttpRequest(decodeResult: success, version: HTTP/1.1)
POST /session/5ad97dfb5cc8ee7bdc66ecb7503f8fc1/timeouts HTTP/1.1
User-Agent: selenium/4.8.0 (java windows)
Content-Length: 22
Content-Type: application/json; charset=utf-8
host: localhost:7138
accept: */*

Response DefaultHttpResponse(decodeResult: success, version: HTTP/1.1)
HTTP/1.1 200 OK
Content-Length: 14
Content-Type: application/json; charset=utf-8
cache-control: no-cache

13:08:49.018 [AsyncHttpClient-1-2] DEBUG org.asynchttpclient.netty.channel.ChannelManager - Adding key: http://localhost:7138 for channel [id: 0x4eddb369, L:/127.0.0.1:58747 - R:localhost/127.0.0.1:7138]
13:08:49.055 [Forwarding get on session 5ad97dfb5cc8ee7bdc66ecb7503f8fc1 to remote] DEBUG org.asynchttpclient.netty.request.NettyRequestSender - Using pooled Channel '[id: 0x4eddb369, L:/127.0.0.1:58747 - R:localhost/127.0.0.1:7138]' for 'POST' to 'http://localhost:7138/session/5ad97dfb5cc8ee7bdc66ecb7503f8fc1/url'
13:08:49.055 [Forwarding get on session 5ad97dfb5cc8ee7bdc66ecb7503f8fc1 to remote] DEBUG org.asynchttpclient.netty.request.NettyRequestSender - Using open Channel [id: 0x4eddb369, L:/127.0.0.1:58747 - R:localhost/127.0.0.1:7138] for POST '/session/5ad97dfb5cc8ee7bdc66ecb7503f8fc1/url'
13:08:49.145 [AsyncHttpClient-1-1] DEBUG org.asynchttpclient.netty.channel.DefaultChannelPool - Entry count for : http://localhost:58748 : 1
13:08:50.245 [AsyncHttpClient-1-1] DEBUG org.asynchttpclient.netty.channel.DefaultChannelPool - Entry count for : http://localhost:58748 : 1
13:08:50.995 [AsyncHttpClient-1-2] DEBUG org.asynchttpclient.netty.handler.HttpHandler - 

Request DefaultHttpRequest(decodeResult: success, version: HTTP/1.1)
POST /session/5ad97dfb5cc8ee7bdc66ecb7503f8fc1/url HTTP/1.1
User-Agent: selenium/4.8.0 (java windows)
Content-Length: 59
Content-Type: application/json; charset=utf-8
host: localhost:7138
accept: */*

Response DefaultHttpResponse(decodeResult: success, version: HTTP/1.1)
HTTP/1.1 200 OK
Content-Length: 14
Content-Type: application/json; charset=utf-8
cache-control: no-cache

13:08:50.995 [AsyncHttpClient-1-2] DEBUG org.asynchttpclient.netty.channel.ChannelManager - Adding key: http://localhost:7138 for channel [id: 0x4eddb369, L:/127.0.0.1:58747 - R:localhost/127.0.0.1:7138]
13:08:50.998 [Forwarding setTimeout on session 5ad97dfb5cc8ee7bdc66ecb7503f8fc1 to remote] DEBUG org.asynchttpclient.netty.request.NettyRequestSender - Using pooled Channel '[id: 0x4eddb369, L:/127.0.0.1:58747 - R:localhost/127.0.0.1:7138]' for 'POST' to 'http://localhost:7138/session/5ad97dfb5cc8ee7bdc66ecb7503f8fc1/timeouts'
13:08:50.998 [Forwarding setTimeout on session 5ad97dfb5cc8ee7bdc66ecb7503f8fc1 to remote] DEBUG org.asynchttpclient.netty.request.NettyRequestSender - Using open Channel [id: 0x4eddb369, L:/127.0.0.1:58747 - R:localhost/127.0.0.1:7138] for POST '/session/5ad97dfb5cc8ee7bdc66ecb7503f8fc1/timeouts'
13:08:50.999 [AsyncHttpClient-1-2] DEBUG org.asynchttpclient.netty.handler.HttpHandler - 

Request DefaultHttpRequest(decodeResult: success, version: HTTP/1.1)
POST /session/5ad97dfb5cc8ee7bdc66ecb7503f8fc1/timeouts HTTP/1.1
User-Agent: selenium/4.8.0 (java windows)
Content-Length: 22
Content-Type: application/json; charset=utf-8
host: localhost:7138
accept: */*

Response DefaultHttpResponse(decodeResult: success, version: HTTP/1.1)
HTTP/1.1 200 OK
Content-Length: 14
Content-Type: application/json; charset=utf-8
cache-control: no-cache

13:08:50.999 [AsyncHttpClient-1-2] DEBUG org.asynchttpclient.netty.channel.ChannelManager - Adding key: http://localhost:7138 for channel [id: 0x4eddb369, L:/127.0.0.1:58747 - R:localhost/127.0.0.1:7138]
13:08:51.001 [Forwarding getCurrentUrl on session 5ad97dfb5cc8ee7bdc66ecb7503f8fc1 to remote] DEBUG org.asynchttpclient.netty.request.NettyRequestSender - Using pooled Channel '[id: 0x4eddb369, L:/127.0.0.1:58747 - R:localhost/127.0.0.1:7138]' for 'GET' to 'http://localhost:7138/session/5ad97dfb5cc8ee7bdc66ecb7503f8fc1/url'
13:08:51.001 [Forwarding getCurrentUrl on session 5ad97dfb5cc8ee7bdc66ecb7503f8fc1 to remote] DEBUG org.asynchttpclient.netty.request.NettyRequestSender - Using open Channel [id: 0x4eddb369, L:/127.0.0.1:58747 - R:localhost/127.0.0.1:7138] for GET '/session/5ad97dfb5cc8ee7bdc66ecb7503f8fc1/url'
13:08:51.004 [AsyncHttpClient-1-2] DEBUG org.asynchttpclient.netty.handler.HttpHandler - 

Request DefaultFullHttpRequest(decodeResult: success, version: HTTP/1.1, content: EmptyByteBufBE)
GET /session/5ad97dfb5cc8ee7bdc66ecb7503f8fc1/url HTTP/1.1
User-Agent: selenium/4.8.0 (java windows)
Cache-Control: no-cache
Content-Type: application/json; charset=utf-8
host: localhost:7138
accept: */*

Response DefaultHttpResponse(decodeResult: success, version: HTTP/1.1)
HTTP/1.1 200 OK
Content-Length: 41
Content-Type: application/json; charset=utf-8
cache-control: no-cache

13:08:51.004 [AsyncHttpClient-1-2] DEBUG org.asynchttpclient.netty.channel.ChannelManager - Adding key: http://localhost:7138 for channel [id: 0x4eddb369, L:/127.0.0.1:58747 - R:localhost/127.0.0.1:7138]
13:08:51.006 [Forwarding getCurrentUrl on session 5ad97dfb5cc8ee7bdc66ecb7503f8fc1 to remote] DEBUG org.asynchttpclient.netty.request.NettyRequestSender - Using pooled Channel '[id: 0x4eddb369, L:/127.0.0.1:58747 - R:localhost/127.0.0.1:7138]' for 'GET' to 'http://localhost:7138/session/5ad97dfb5cc8ee7bdc66ecb7503f8fc1/url'
13:08:51.006 [Forwarding getCurrentUrl on session 5ad97dfb5cc8ee7bdc66ecb7503f8fc1 to remote] DEBUG org.asynchttpclient.netty.request.NettyRequestSender - Using open Channel [id: 0x4eddb369, L:/127.0.0.1:58747 - R:localhost/127.0.0.1:7138] for GET '/session/5ad97dfb5cc8ee7bdc66ecb7503f8fc1/url'
13:08:51.008 [AsyncHttpClient-1-2] DEBUG org.asynchttpclient.netty.handler.HttpHandler - 

Request DefaultFullHttpRequest(decodeResult: success, version: HTTP/1.1, content: EmptyByteBufBE)
GET /session/5ad97dfb5cc8ee7bdc66ecb7503f8fc1/url HTTP/1.1
User-Agent: selenium/4.8.0 (java windows)
Cache-Control: no-cache
Content-Type: application/json; charset=utf-8
host: localhost:7138
accept: */*

Response DefaultHttpResponse(decodeResult: success, version: HTTP/1.1)
HTTP/1.1 200 OK
Content-Length: 41
Content-Type: application/json; charset=utf-8
cache-control: no-cache

13:08:51.008 [AsyncHttpClient-1-2] DEBUG org.asynchttpclient.netty.channel.ChannelManager - Adding key: http://localhost:7138 for channel [id: 0x4eddb369, L:/127.0.0.1:58747 - R:localhost/127.0.0.1:7138]
13:08:51.021 [main] DEBUG net.serenitybdd.core.photography.Darkroom - Opening darkroom
13:08:51.021 [Darkroom Processing Line] DEBUG net.serenitybdd.core.photography.DarkroomProcessingLine - Darkroom processing line starting up
13:08:51.030 [Forwarding getAlertText on session 5ad97dfb5cc8ee7bdc66ecb7503f8fc1 to remote] DEBUG org.asynchttpclient.netty.request.NettyRequestSender - Using pooled Channel '[id: 0x4eddb369, L:/127.0.0.1:58747 - R:localhost/127.0.0.1:7138]' for 'GET' to 'http://localhost:7138/session/5ad97dfb5cc8ee7bdc66ecb7503f8fc1/alert/text'
13:08:51.030 [Forwarding getAlertText on session 5ad97dfb5cc8ee7bdc66ecb7503f8fc1 to remote] DEBUG org.asynchttpclient.netty.request.NettyRequestSender - Using open Channel [id: 0x4eddb369, L:/127.0.0.1:58747 - R:localhost/127.0.0.1:7138] for GET '/session/5ad97dfb5cc8ee7bdc66ecb7503f8fc1/alert/text'
13:08:51.031 [AsyncHttpClient-1-2] DEBUG org.asynchttpclient.netty.handler.HttpHandler - 

Request DefaultFullHttpRequest(decodeResult: success, version: HTTP/1.1, content: EmptyByteBufBE)
GET /session/5ad97dfb5cc8ee7bdc66ecb7503f8fc1/alert/text HTTP/1.1
User-Agent: selenium/4.8.0 (java windows)
Cache-Control: no-cache
Content-Type: application/json; charset=utf-8
host: localhost:7138
accept: */*

Response DefaultHttpResponse(decodeResult: success, version: HTTP/1.1)
HTTP/1.1 404 Not Found
Content-Length: 820
Content-Type: application/json; charset=utf-8
cache-control: no-cache

13:08:51.031 [AsyncHttpClient-1-2] DEBUG org.asynchttpclient.netty.channel.ChannelManager - Adding key: http://localhost:7138 for channel [id: 0x4eddb369, L:/127.0.0.1:58747 - R:localhost/127.0.0.1:7138]
13:08:51.036 [Forwarding getCurrentUrl on session 5ad97dfb5cc8ee7bdc66ecb7503f8fc1 to remote] DEBUG org.asynchttpclient.netty.request.NettyRequestSender - Using pooled Channel '[id: 0x4eddb369, L:/127.0.0.1:58747 - R:localhost/127.0.0.1:7138]' for 'GET' to 'http://localhost:7138/session/5ad97dfb5cc8ee7bdc66ecb7503f8fc1/url'
13:08:51.036 [Forwarding getCurrentUrl on session 5ad97dfb5cc8ee7bdc66ecb7503f8fc1 to remote] DEBUG org.asynchttpclient.netty.request.NettyRequestSender - Using open Channel [id: 0x4eddb369, L:/127.0.0.1:58747 - R:localhost/127.0.0.1:7138] for GET '/session/5ad97dfb5cc8ee7bdc66ecb7503f8fc1/url'
13:08:51.038 [AsyncHttpClient-1-2] DEBUG org.asynchttpclient.netty.handler.HttpHandler - 

Request DefaultFullHttpRequest(decodeResult: success, version: HTTP/1.1, content: EmptyByteBufBE)
GET /session/5ad97dfb5cc8ee7bdc66ecb7503f8fc1/url HTTP/1.1
User-Agent: selenium/4.8.0 (java windows)
Cache-Control: no-cache
Content-Type: application/json; charset=utf-8
host: localhost:7138
accept: */*

Response DefaultHttpResponse(decodeResult: success, version: HTTP/1.1)
HTTP/1.1 200 OK
Content-Length: 41
Content-Type: application/json; charset=utf-8
cache-control: no-cache

13:08:51.039 [AsyncHttpClient-1-2] DEBUG org.asynchttpclient.netty.channel.ChannelManager - Adding key: http://localhost:7138 for channel [id: 0x4eddb369, L:/127.0.0.1:58747 - R:localhost/127.0.0.1:7138]
13:08:51.040 [Forwarding screenshot on session 5ad97dfb5cc8ee7bdc66ecb7503f8fc1 to remote] DEBUG org.asynchttpclient.netty.request.NettyRequestSender - Using pooled Channel '[id: 0x4eddb369, L:/127.0.0.1:58747 - R:localhost/127.0.0.1:7138]' for 'GET' to 'http://localhost:7138/session/5ad97dfb5cc8ee7bdc66ecb7503f8fc1/screenshot'
13:08:51.040 [Forwarding screenshot on session 5ad97dfb5cc8ee7bdc66ecb7503f8fc1 to remote] DEBUG org.asynchttpclient.netty.request.NettyRequestSender - Using open Channel [id: 0x4eddb369, L:/127.0.0.1:58747 - R:localhost/127.0.0.1:7138] for GET '/session/5ad97dfb5cc8ee7bdc66ecb7503f8fc1/screenshot'
13:08:51.163 [AsyncHttpClient-1-2] DEBUG org.asynchttpclient.netty.handler.HttpHandler - 

Request DefaultFullHttpRequest(decodeResult: success, version: HTTP/1.1, content: EmptyByteBufBE)
GET /session/5ad97dfb5cc8ee7bdc66ecb7503f8fc1/screenshot HTTP/1.1
User-Agent: selenium/4.8.0 (java windows)
Cache-Control: no-cache
Content-Type: application/json; charset=utf-8
host: localhost:7138
accept: */*

Response DefaultHttpResponse(decodeResult: success, version: HTTP/1.1)
HTTP/1.1 200 OK
Content-Length: 418684
Content-Type: application/json; charset=utf-8
cache-control: no-cache

13:08:51.166 [AsyncHttpClient-1-2] DEBUG org.asynchttpclient.netty.channel.ChannelManager - Adding key: http://localhost:7138 for channel [id: 0x4eddb369, L:/127.0.0.1:58747 - R:localhost/127.0.0.1:7138]
13:08:51.230 [main] DEBUG net.serenitybdd.core.photography.Darkroom - Send negative for processing for target\site\serenity\f5010288d8863e0943cd0ba9e5ff8dd296d8b8f96f2b4c949bb680ce945c29f0.png
13:08:51.230 [Darkroom Processing Line] DEBUG net.serenitybdd.core.photography.DarkroomProcessingLine - Processing screenshot image in /var/screenshots/screenshot-77603172206862057
13:08:51.230 [Darkroom Processing Line] DEBUG net.serenitybdd.core.photography.DarkroomProcessingLine - Saving screenshot to target\site\serenity\f5010288d8863e0943cd0ba9e5ff8dd296d8b8f96f2b4c949bb680ce945c29f0.png
13:08:51.350 [AsyncHttpClient-1-1] DEBUG org.asynchttpclient.netty.channel.DefaultChannelPool - Entry count for : http://localhost:7138 : 1
13:08:51.350 [AsyncHttpClient-1-1] DEBUG org.asynchttpclient.netty.channel.DefaultChannelPool - Entry count for : http://localhost:58748 : 1
13:08:51.443 [main] DEBUG net.thucydides.core.steps.StepInterceptor - STEP DONE: {0} opens the #targetPageName
13:08:51.449 [Forwarding getAlertText on session 5ad97dfb5cc8ee7bdc66ecb7503f8fc1 to remote] DEBUG org.asynchttpclient.netty.request.NettyRequestSender - Using pooled Channel '[id: 0x4eddb369, L:/127.0.0.1:58747 - R:localhost/127.0.0.1:7138]' for 'GET' to 'http://localhost:7138/session/5ad97dfb5cc8ee7bdc66ecb7503f8fc1/alert/text'
13:08:51.450 [Forwarding getAlertText on session 5ad97dfb5cc8ee7bdc66ecb7503f8fc1 to remote] DEBUG org.asynchttpclient.netty.request.NettyRequestSender - Using open Channel [id: 0x4eddb369, L:/127.0.0.1:58747 - R:localhost/127.0.0.1:7138] for GET '/session/5ad97dfb5cc8ee7bdc66ecb7503f8fc1/alert/text'
13:08:51.451 [AsyncHttpClient-1-2] DEBUG org.asynchttpclient.netty.handler.HttpHandler - 

Request DefaultFullHttpRequest(decodeResult: success, version: HTTP/1.1, content: EmptyByteBufBE)
GET /session/5ad97dfb5cc8ee7bdc66ecb7503f8fc1/alert/text HTTP/1.1
User-Agent: selenium/4.8.0 (java windows)
Cache-Control: no-cache
Content-Type: application/json; charset=utf-8
host: localhost:7138
accept: */*

Response DefaultHttpResponse(decodeResult: success, version: HTTP/1.1)
HTTP/1.1 404 Not Found
Content-Length: 820
Content-Type: application/json; charset=utf-8
cache-control: no-cache

13:08:51.451 [AsyncHttpClient-1-2] DEBUG org.asynchttpclient.netty.channel.ChannelManager - Adding key: http://localhost:7138 for channel [id: 0x4eddb369, L:/127.0.0.1:58747 - R:localhost/127.0.0.1:7138]
13:08:51.452 [Forwarding getCurrentUrl on session 5ad97dfb5cc8ee7bdc66ecb7503f8fc1 to remote] DEBUG org.asynchttpclient.netty.request.NettyRequestSender - Using pooled Channel '[id: 0x4eddb369, L:/127.0.0.1:58747 - R:localhost/127.0.0.1:7138]' for 'GET' to 'http://localhost:7138/session/5ad97dfb5cc8ee7bdc66ecb7503f8fc1/url'
13:08:51.452 [Forwarding getCurrentUrl on session 5ad97dfb5cc8ee7bdc66ecb7503f8fc1 to remote] DEBUG org.asynchttpclient.netty.request.NettyRequestSender - Using open Channel [id: 0x4eddb369, L:/127.0.0.1:58747 - R:localhost/127.0.0.1:7138] for GET '/session/5ad97dfb5cc8ee7bdc66ecb7503f8fc1/url'
13:08:51.455 [AsyncHttpClient-1-2] DEBUG org.asynchttpclient.netty.handler.HttpHandler - 

Request DefaultFullHttpRequest(decodeResult: success, version: HTTP/1.1, content: EmptyByteBufBE)
GET /session/5ad97dfb5cc8ee7bdc66ecb7503f8fc1/url HTTP/1.1
User-Agent: selenium/4.8.0 (java windows)
Cache-Control: no-cache
Content-Type: application/json; charset=utf-8
host: localhost:7138
accept: */*

Response DefaultHttpResponse(decodeResult: success, version: HTTP/1.1)
HTTP/1.1 200 OK
Content-Length: 41
Content-Type: application/json; charset=utf-8
cache-control: no-cache

13:08:51.455 [AsyncHttpClient-1-2] DEBUG org.asynchttpclient.netty.channel.ChannelManager - Adding key: http://localhost:7138 for channel [id: 0x4eddb369, L:/127.0.0.1:58747 - R:localhost/127.0.0.1:7138]
13:08:51.455 [Forwarding screenshot on session 5ad97dfb5cc8ee7bdc66ecb7503f8fc1 to remote] DEBUG org.asynchttpclient.netty.request.NettyRequestSender - Using pooled Channel '[id: 0x4eddb369, L:/127.0.0.1:58747 - R:localhost/127.0.0.1:7138]' for 'GET' to 'http://localhost:7138/session/5ad97dfb5cc8ee7bdc66ecb7503f8fc1/screenshot'
13:08:51.456 [Forwarding screenshot on session 5ad97dfb5cc8ee7bdc66ecb7503f8fc1 to remote] DEBUG org.asynchttpclient.netty.request.NettyRequestSender - Using open Channel [id: 0x4eddb369, L:/127.0.0.1:58747 - R:localhost/127.0.0.1:7138] for GET '/session/5ad97dfb5cc8ee7bdc66ecb7503f8fc1/screenshot'
13:08:51.589 [AsyncHttpClient-1-2] DEBUG org.asynchttpclient.netty.handler.HttpHandler - 

Request DefaultFullHttpRequest(decodeResult: success, version: HTTP/1.1, content: EmptyByteBufBE)
GET /session/5ad97dfb5cc8ee7bdc66ecb7503f8fc1/screenshot HTTP/1.1
User-Agent: selenium/4.8.0 (java windows)
Cache-Control: no-cache
Content-Type: application/json; charset=utf-8
host: localhost:7138
accept: */*

Response DefaultHttpResponse(decodeResult: success, version: HTTP/1.1)
HTTP/1.1 200 OK
Content-Length: 421604
Content-Type: application/json; charset=utf-8
cache-control: no-cache

13:08:51.591 [AsyncHttpClient-1-2] DEBUG org.asynchttpclient.netty.channel.ChannelManager - Adding key: http://localhost:7138 for channel [id: 0x4eddb369, L:/127.0.0.1:58747 - R:localhost/127.0.0.1:7138]
13:08:51.602 [main] DEBUG net.serenitybdd.core.photography.Darkroom - Send negative for processing for target\site\serenity\d57b12f81a2fcbef47c104e47d5263eaeb35c607b8957c5a9557973bf9bfbf38.png
13:08:51.602 [Darkroom Processing Line] DEBUG net.serenitybdd.core.photography.DarkroomProcessingLine - Processing screenshot image in /var/screenshots/screenshot-9064987925790270981
13:08:51.602 [Darkroom Processing Line] DEBUG net.serenitybdd.core.photography.DarkroomProcessingLine - Saving screenshot to target\site\serenity\d57b12f81a2fcbef47c104e47d5263eaeb35c607b8957c5a9557973bf9bfbf38.png
13:08:51.803 [main] DEBUG net.thucydides.core.steps.StepInterceptor - STEP DONE: !#title
  &amp#27;[32mGiven &amp#27;[0m&amp#27;[32m&amp#27;[0m&amp#27;[32m&amp#27;[1mDiana&amp#27;[0m&amp#27;[32m navigate to Homepage&amp#27;[0m                                                                                                                     &amp#27;[90m# io.cucumber.skeleton.stepdefinitions.OpenCartStepDefinition.on_the_OpenCart_home_page(java.lang.String)&amp#27;[0m
13:08:51.809 [Forwarding getAlertText on session 5ad97dfb5cc8ee7bdc66ecb7503f8fc1 to remote] DEBUG org.asynchttpclient.netty.request.NettyRequestSender - Using pooled Channel '[id: 0x4eddb369, L:/127.0.0.1:58747 - R:localhost/127.0.0.1:7138]' for 'GET' to 'http://localhost:7138/session/5ad97dfb5cc8ee7bdc66ecb7503f8fc1/alert/text'
13:08:51.809 [Forwarding getAlertText on session 5ad97dfb5cc8ee7bdc66ecb7503f8fc1 to remote] DEBUG org.asynchttpclient.netty.request.NettyRequestSender - Using open Channel [id: 0x4eddb369, L:/127.0.0.1:58747 - R:localhost/127.0.0.1:7138] for GET '/session/5ad97dfb5cc8ee7bdc66ecb7503f8fc1/alert/text'
13:08:51.811 [AsyncHttpClient-1-2] DEBUG org.asynchttpclient.netty.handler.HttpHandler - 

Request DefaultFullHttpRequest(decodeResult: success, version: HTTP/1.1, content: EmptyByteBufBE)
GET /session/5ad97dfb5cc8ee7bdc66ecb7503f8fc1/alert/text HTTP/1.1
User-Agent: selenium/4.8.0 (java windows)
Cache-Control: no-cache
Content-Type: application/json; charset=utf-8
host: localhost:7138
accept: */*

Response DefaultHttpResponse(decodeResult: success, version: HTTP/1.1)
HTTP/1.1 404 Not Found
Content-Length: 820
Content-Type: application/json; charset=utf-8
cache-control: no-cache

13:08:51.811 [AsyncHttpClient-1-2] DEBUG org.asynchttpclient.netty.channel.ChannelManager - Adding key: http://localhost:7138 for channel [id: 0x4eddb369, L:/127.0.0.1:58747 - R:localhost/127.0.0.1:7138]
13:08:51.812 [Forwarding getCurrentUrl on session 5ad97dfb5cc8ee7bdc66ecb7503f8fc1 to remote] DEBUG org.asynchttpclient.netty.request.NettyRequestSender - Using pooled Channel '[id: 0x4eddb369, L:/127.0.0.1:58747 - R:localhost/127.0.0.1:7138]' for 'GET' to 'http://localhost:7138/session/5ad97dfb5cc8ee7bdc66ecb7503f8fc1/url'
13:08:51.812 [Forwarding getCurrentUrl on session 5ad97dfb5cc8ee7bdc66ecb7503f8fc1 to remote] DEBUG org.asynchttpclient.netty.request.NettyRequestSender - Using open Channel [id: 0x4eddb369, L:/127.0.0.1:58747 - R:localhost/127.0.0.1:7138] for GET '/session/5ad97dfb5cc8ee7bdc66ecb7503f8fc1/url'
13:08:51.814 [AsyncHttpClient-1-2] DEBUG org.asynchttpclient.netty.handler.HttpHandler - 

Request DefaultFullHttpRequest(decodeResult: success, version: HTTP/1.1, content: EmptyByteBufBE)
GET /session/5ad97dfb5cc8ee7bdc66ecb7503f8fc1/url HTTP/1.1
User-Agent: selenium/4.8.0 (java windows)
Cache-Control: no-cache
Content-Type: application/json; charset=utf-8
host: localhost:7138
accept: */*

Response DefaultHttpResponse(decodeResult: success, version: HTTP/1.1)
HTTP/1.1 200 OK
Content-Length: 41
Content-Type: application/json; charset=utf-8
cache-control: no-cache

13:08:51.814 [AsyncHttpClient-1-2] DEBUG org.asynchttpclient.netty.channel.ChannelManager - Adding key: http://localhost:7138 for channel [id: 0x4eddb369, L:/127.0.0.1:58747 - R:localhost/127.0.0.1:7138]
13:08:51.815 [Forwarding screenshot on session 5ad97dfb5cc8ee7bdc66ecb7503f8fc1 to remote] DEBUG org.asynchttpclient.netty.request.NettyRequestSender - Using pooled Channel '[id: 0x4eddb369, L:/127.0.0.1:58747 - R:localhost/127.0.0.1:7138]' for 'GET' to 'http://localhost:7138/session/5ad97dfb5cc8ee7bdc66ecb7503f8fc1/screenshot'
13:08:51.815 [Forwarding screenshot on session 5ad97dfb5cc8ee7bdc66ecb7503f8fc1 to remote] DEBUG org.asynchttpclient.netty.request.NettyRequestSender - Using open Channel [id: 0x4eddb369, L:/127.0.0.1:58747 - R:localhost/127.0.0.1:7138] for GET '/session/5ad97dfb5cc8ee7bdc66ecb7503f8fc1/screenshot'
13:08:51.955 [AsyncHttpClient-1-2] DEBUG org.asynchttpclient.netty.handler.HttpHandler - 

Request DefaultFullHttpRequest(decodeResult: success, version: HTTP/1.1, content: EmptyByteBufBE)
GET /session/5ad97dfb5cc8ee7bdc66ecb7503f8fc1/screenshot HTTP/1.1
User-Agent: selenium/4.8.0 (java windows)
Cache-Control: no-cache
Content-Type: application/json; charset=utf-8
host: localhost:7138
accept: */*

Response DefaultHttpResponse(decodeResult: success, version: HTTP/1.1)
HTTP/1.1 200 OK
Content-Length: 420896
Content-Type: application/json; charset=utf-8
cache-control: no-cache

13:08:51.957 [AsyncHttpClient-1-2] DEBUG org.asynchttpclient.netty.channel.ChannelManager - Adding key: http://localhost:7138 for channel [id: 0x4eddb369, L:/127.0.0.1:58747 - R:localhost/127.0.0.1:7138]
13:08:51.966 [main] DEBUG net.serenitybdd.core.photography.Darkroom - Send negative for processing for target\site\serenity\09cc1ea3a638856983ecde14659ba8c493fd86ddf4271c86a77ef0dc30164b2f.png
13:08:51.966 [Darkroom Processing Line] DEBUG net.serenitybdd.core.photography.DarkroomProcessingLine - Processing screenshot image in /var/screenshots/screenshot-682180144554609621
13:08:51.966 [Darkroom Processing Line] DEBUG net.serenitybdd.core.photography.DarkroomProcessingLine - Saving screenshot to target\site\serenity\09cc1ea3a638856983ecde14659ba8c493fd86ddf4271c86a77ef0dc30164b2f.png
13:08:52.178 [Forwarding getAlertText on session 5ad97dfb5cc8ee7bdc66ecb7503f8fc1 to remote] DEBUG org.asynchttpclient.netty.request.NettyRequestSender - Using pooled Channel '[id: 0x4eddb369, L:/127.0.0.1:58747 - R:localhost/127.0.0.1:7138]' for 'GET' to 'http://localhost:7138/session/5ad97dfb5cc8ee7bdc66ecb7503f8fc1/alert/text'
13:08:52.179 [Forwarding getAlertText on session 5ad97dfb5cc8ee7bdc66ecb7503f8fc1 to remote] DEBUG org.asynchttpclient.netty.request.NettyRequestSender - Using open Channel [id: 0x4eddb369, L:/127.0.0.1:58747 - R:localhost/127.0.0.1:7138] for GET '/session/5ad97dfb5cc8ee7bdc66ecb7503f8fc1/alert/text'
13:08:52.180 [AsyncHttpClient-1-2] DEBUG org.asynchttpclient.netty.handler.HttpHandler - 

Request DefaultFullHttpRequest(decodeResult: success, version: HTTP/1.1, content: EmptyByteBufBE)
GET /session/5ad97dfb5cc8ee7bdc66ecb7503f8fc1/alert/text HTTP/1.1
User-Agent: selenium/4.8.0 (java windows)
Cache-Control: no-cache
Content-Type: application/json; charset=utf-8
host: localhost:7138
accept: */*

Response DefaultHttpResponse(decodeResult: success, version: HTTP/1.1)
HTTP/1.1 404 Not Found
Content-Length: 820
Content-Type: application/json; charset=utf-8
cache-control: no-cache

13:08:52.180 [AsyncHttpClient-1-2] DEBUG org.asynchttpclient.netty.channel.ChannelManager - Adding key: http://localhost:7138 for channel [id: 0x4eddb369, L:/127.0.0.1:58747 - R:localhost/127.0.0.1:7138]
13:08:52.182 [Forwarding getCurrentUrl on session 5ad97dfb5cc8ee7bdc66ecb7503f8fc1 to remote] DEBUG org.asynchttpclient.netty.request.NettyRequestSender - Using pooled Channel '[id: 0x4eddb369, L:/127.0.0.1:58747 - R:localhost/127.0.0.1:7138]' for 'GET' to 'http://localhost:7138/session/5ad97dfb5cc8ee7bdc66ecb7503f8fc1/url'
13:08:52.182 [Forwarding getCurrentUrl on session 5ad97dfb5cc8ee7bdc66ecb7503f8fc1 to remote] DEBUG org.asynchttpclient.netty.request.NettyRequestSender - Using open Channel [id: 0x4eddb369, L:/127.0.0.1:58747 - R:localhost/127.0.0.1:7138] for GET '/session/5ad97dfb5cc8ee7bdc66ecb7503f8fc1/url'
13:08:52.184 [AsyncHttpClient-1-2] DEBUG org.asynchttpclient.netty.handler.HttpHandler - 

Request DefaultFullHttpRequest(decodeResult: success, version: HTTP/1.1, content: EmptyByteBufBE)
GET /session/5ad97dfb5cc8ee7bdc66ecb7503f8fc1/url HTTP/1.1
User-Agent: selenium/4.8.0 (java windows)
Cache-Control: no-cache
Content-Type: application/json; charset=utf-8
host: localhost:7138
accept: */*

Response DefaultHttpResponse(decodeResult: success, version: HTTP/1.1)
HTTP/1.1 200 OK
Content-Length: 41
Content-Type: application/json; charset=utf-8
cache-control: no-cache

13:08:52.184 [AsyncHttpClient-1-2] DEBUG org.asynchttpclient.netty.channel.ChannelManager - Adding key: http://localhost:7138 for channel [id: 0x4eddb369, L:/127.0.0.1:58747 - R:localhost/127.0.0.1:7138]
13:08:52.185 [Forwarding screenshot on session 5ad97dfb5cc8ee7bdc66ecb7503f8fc1 to remote] DEBUG org.asynchttpclient.netty.request.NettyRequestSender - Using pooled Channel '[id: 0x4eddb369, L:/127.0.0.1:58747 - R:localhost/127.0.0.1:7138]' for 'GET' to 'http://localhost:7138/session/5ad97dfb5cc8ee7bdc66ecb7503f8fc1/screenshot'
13:08:52.185 [Forwarding screenshot on session 5ad97dfb5cc8ee7bdc66ecb7503f8fc1 to remote] DEBUG org.asynchttpclient.netty.request.NettyRequestSender - Using open Channel [id: 0x4eddb369, L:/127.0.0.1:58747 - R:localhost/127.0.0.1:7138] for GET '/session/5ad97dfb5cc8ee7bdc66ecb7503f8fc1/screenshot'
13:08:52.316 [AsyncHttpClient-1-2] DEBUG org.asynchttpclient.netty.handler.HttpHandler - 

Request DefaultFullHttpRequest(decodeResult: success, version: HTTP/1.1, content: EmptyByteBufBE)
GET /session/5ad97dfb5cc8ee7bdc66ecb7503f8fc1/screenshot HTTP/1.1
User-Agent: selenium/4.8.0 (java windows)
Cache-Control: no-cache
Content-Type: application/json; charset=utf-8
host: localhost:7138
accept: */*

Response DefaultHttpResponse(decodeResult: success, version: HTTP/1.1)
HTTP/1.1 200 OK
Content-Length: 420480
Content-Type: application/json; charset=utf-8
cache-control: no-cache

13:08:52.318 [AsyncHttpClient-1-2] DEBUG org.asynchttpclient.netty.channel.ChannelManager - Adding key: http://localhost:7138 for channel [id: 0x4eddb369, L:/127.0.0.1:58747 - R:localhost/127.0.0.1:7138]
13:08:52.327 [main] DEBUG net.serenitybdd.core.photography.Darkroom - Send negative for processing for target\site\serenity\10042b224230115ee44c817abe5b038e2cc413bae70f3c66ffcb4951fb514d3b.png
13:08:52.327 [Darkroom Processing Line] DEBUG net.serenitybdd.core.photography.DarkroomProcessingLine - Processing screenshot image in /var/screenshots/screenshot-6809193264997374198
13:08:52.327 [Darkroom Processing Line] DEBUG net.serenitybdd.core.photography.DarkroomProcessingLine - Saving screenshot to target\site\serenity\10042b224230115ee44c817abe5b038e2cc413bae70f3c66ffcb4951fb514d3b.png
13:08:52.329 [Forwarding getPageSource on session 5ad97dfb5cc8ee7bdc66ecb7503f8fc1 to remote] DEBUG org.asynchttpclient.netty.request.NettyRequestSender - Using pooled Channel '[id: 0x4eddb369, L:/127.0.0.1:58747 - R:localhost/127.0.0.1:7138]' for 'POST' to 'http://localhost:7138/session/5ad97dfb5cc8ee7bdc66ecb7503f8fc1/execute/sync'
13:08:52.330 [Forwarding getPageSource on session 5ad97dfb5cc8ee7bdc66ecb7503f8fc1 to remote] DEBUG org.asynchttpclient.netty.request.NettyRequestSender - Using open Channel [id: 0x4eddb369, L:/127.0.0.1:58747 - R:localhost/127.0.0.1:7138] for POST '/session/5ad97dfb5cc8ee7bdc66ecb7503f8fc1/execute/sync'
13:08:52.336 [AsyncHttpClient-1-2] DEBUG org.asynchttpclient.netty.handler.HttpHandler - 

Request DefaultHttpRequest(decodeResult: success, version: HTTP/1.1)
POST /session/5ad97dfb5cc8ee7bdc66ecb7503f8fc1/execute/sync HTTP/1.1
User-Agent: selenium/4.8.0 (java windows)
Content-Length: 176
Content-Type: application/json; charset=utf-8
host: localhost:7138
accept: */*

Response DefaultHttpResponse(decodeResult: success, version: HTTP/1.1)
HTTP/1.1 200 OK
Content-Length: 37726
Content-Type: application/json; charset=utf-8
cache-control: no-cache

13:08:52.336 [AsyncHttpClient-1-2] DEBUG org.asynchttpclient.netty.channel.ChannelManager - Adding key: http://localhost:7138 for channel [id: 0x4eddb369, L:/127.0.0.1:58747 - R:localhost/127.0.0.1:7138]
13:08:52.391 [Forwarding getCurrentUrl on session 5ad97dfb5cc8ee7bdc66ecb7503f8fc1 to remote] DEBUG org.asynchttpclient.netty.request.NettyRequestSender - Using pooled Channel '[id: 0x4eddb369, L:/127.0.0.1:58747 - R:localhost/127.0.0.1:7138]' for 'GET' to 'http://localhost:7138/session/5ad97dfb5cc8ee7bdc66ecb7503f8fc1/url'
13:08:52.391 [Forwarding getCurrentUrl on session 5ad97dfb5cc8ee7bdc66ecb7503f8fc1 to remote] DEBUG org.asynchttpclient.netty.request.NettyRequestSender - Using open Channel [id: 0x4eddb369, L:/127.0.0.1:58747 - R:localhost/127.0.0.1:7138] for GET '/session/5ad97dfb5cc8ee7bdc66ecb7503f8fc1/url'
13:08:52.394 [AsyncHttpClient-1-2] DEBUG org.asynchttpclient.netty.handler.HttpHandler - 

Request DefaultFullHttpRequest(decodeResult: success, version: HTTP/1.1, content: EmptyByteBufBE)
GET /session/5ad97dfb5cc8ee7bdc66ecb7503f8fc1/url HTTP/1.1
User-Agent: selenium/4.8.0 (java windows)
Cache-Control: no-cache
Content-Type: application/json; charset=utf-8
host: localhost:7138
accept: */*

Response DefaultHttpResponse(decodeResult: success, version: HTTP/1.1)
HTTP/1.1 200 OK
Content-Length: 41
Content-Type: application/json; charset=utf-8
cache-control: no-cache

13:08:52.394 [AsyncHttpClient-1-2] DEBUG org.asynchttpclient.netty.channel.ChannelManager - Adding key: http://localhost:7138 for channel [id: 0x4eddb369, L:/127.0.0.1:58747 - R:localhost/127.0.0.1:7138]
13:08:52.442 [Forwarding getAlertText on session 5ad97dfb5cc8ee7bdc66ecb7503f8fc1 to remote] DEBUG org.asynchttpclient.netty.request.NettyRequestSender - Using pooled Channel '[id: 0x4eddb369, L:/127.0.0.1:58747 - R:localhost/127.0.0.1:7138]' for 'GET' to 'http://localhost:7138/session/5ad97dfb5cc8ee7bdc66ecb7503f8fc1/alert/text'
13:08:52.442 [Forwarding getAlertText on session 5ad97dfb5cc8ee7bdc66ecb7503f8fc1 to remote] DEBUG org.asynchttpclient.netty.request.NettyRequestSender - Using open Channel [id: 0x4eddb369, L:/127.0.0.1:58747 - R:localhost/127.0.0.1:7138] for GET '/session/5ad97dfb5cc8ee7bdc66ecb7503f8fc1/alert/text'
13:08:52.444 [AsyncHttpClient-1-1] DEBUG org.asynchttpclient.netty.channel.DefaultChannelPool - Entry count for : http://localhost:58748 : 1
13:08:52.444 [AsyncHttpClient-1-2] DEBUG org.asynchttpclient.netty.handler.HttpHandler - 

Request DefaultFullHttpRequest(decodeResult: success, version: HTTP/1.1, content: EmptyByteBufBE)
GET /session/5ad97dfb5cc8ee7bdc66ecb7503f8fc1/alert/text HTTP/1.1
User-Agent: selenium/4.8.0 (java windows)
Cache-Control: no-cache
Content-Type: application/json; charset=utf-8
host: localhost:7138
accept: */*

Response DefaultHttpResponse(decodeResult: success, version: HTTP/1.1)
HTTP/1.1 404 Not Found
Content-Length: 820
Content-Type: application/json; charset=utf-8
cache-control: no-cache

13:08:52.445 [AsyncHttpClient-1-2] DEBUG org.asynchttpclient.netty.channel.ChannelManager - Adding key: http://localhost:7138 for channel [id: 0x4eddb369, L:/127.0.0.1:58747 - R:localhost/127.0.0.1:7138]
13:08:52.446 [Forwarding getCurrentUrl on session 5ad97dfb5cc8ee7bdc66ecb7503f8fc1 to remote] DEBUG org.asynchttpclient.netty.request.NettyRequestSender - Using pooled Channel '[id: 0x4eddb369, L:/127.0.0.1:58747 - R:localhost/127.0.0.1:7138]' for 'GET' to 'http://localhost:7138/session/5ad97dfb5cc8ee7bdc66ecb7503f8fc1/url'
13:08:52.446 [Forwarding getCurrentUrl on session 5ad97dfb5cc8ee7bdc66ecb7503f8fc1 to remote] DEBUG org.asynchttpclient.netty.request.NettyRequestSender - Using open Channel [id: 0x4eddb369, L:/127.0.0.1:58747 - R:localhost/127.0.0.1:7138] for GET '/session/5ad97dfb5cc8ee7bdc66ecb7503f8fc1/url'
13:08:52.449 [AsyncHttpClient-1-2] DEBUG org.asynchttpclient.netty.handler.HttpHandler - 

Request DefaultFullHttpRequest(decodeResult: success, version: HTTP/1.1, content: EmptyByteBufBE)
GET /session/5ad97dfb5cc8ee7bdc66ecb7503f8fc1/url HTTP/1.1
User-Agent: selenium/4.8.0 (java windows)
Cache-Control: no-cache
Content-Type: application/json; charset=utf-8
host: localhost:7138
accept: */*

Response DefaultHttpResponse(decodeResult: success, version: HTTP/1.1)
HTTP/1.1 200 OK
Content-Length: 41
Content-Type: application/json; charset=utf-8
cache-control: no-cache

13:08:52.449 [AsyncHttpClient-1-2] DEBUG org.asynchttpclient.netty.channel.ChannelManager - Adding key: http://localhost:7138 for channel [id: 0x4eddb369, L:/127.0.0.1:58747 - R:localhost/127.0.0.1:7138]
13:08:52.450 [Forwarding screenshot on session 5ad97dfb5cc8ee7bdc66ecb7503f8fc1 to remote] DEBUG org.asynchttpclient.netty.request.NettyRequestSender - Using pooled Channel '[id: 0x4eddb369, L:/127.0.0.1:58747 - R:localhost/127.0.0.1:7138]' for 'GET' to 'http://localhost:7138/session/5ad97dfb5cc8ee7bdc66ecb7503f8fc1/screenshot'
13:08:52.450 [Forwarding screenshot on session 5ad97dfb5cc8ee7bdc66ecb7503f8fc1 to remote] DEBUG org.asynchttpclient.netty.request.NettyRequestSender - Using open Channel [id: 0x4eddb369, L:/127.0.0.1:58747 - R:localhost/127.0.0.1:7138] for GET '/session/5ad97dfb5cc8ee7bdc66ecb7503f8fc1/screenshot'
13:08:52.585 [AsyncHttpClient-1-2] DEBUG org.asynchttpclient.netty.handler.HttpHandler - 

Request DefaultFullHttpRequest(decodeResult: success, version: HTTP/1.1, content: EmptyByteBufBE)
GET /session/5ad97dfb5cc8ee7bdc66ecb7503f8fc1/screenshot HTTP/1.1
User-Agent: selenium/4.8.0 (java windows)
Cache-Control: no-cache
Content-Type: application/json; charset=utf-8
host: localhost:7138
accept: */*

Response DefaultHttpResponse(decodeResult: success, version: HTTP/1.1)
HTTP/1.1 200 OK
Content-Length: 420480
Content-Type: application/json; charset=utf-8
cache-control: no-cache

13:08:52.586 [AsyncHttpClient-1-2] DEBUG org.asynchttpclient.netty.channel.ChannelManager - Adding key: http://localhost:7138 for channel [id: 0x4eddb369, L:/127.0.0.1:58747 - R:localhost/127.0.0.1:7138]
13:08:52.596 [main] DEBUG net.serenitybdd.core.photography.Darkroom - Send negative for processing for target\site\serenity\10042b224230115ee44c817abe5b038e2cc413bae70f3c66ffcb4951fb514d3b.png
13:08:52.598 [Forwarding getPageSource on session 5ad97dfb5cc8ee7bdc66ecb7503f8fc1 to remote] DEBUG org.asynchttpclient.netty.request.NettyRequestSender - Using pooled Channel '[id: 0x4eddb369, L:/127.0.0.1:58747 - R:localhost/127.0.0.1:7138]' for 'POST' to 'http://localhost:7138/session/5ad97dfb5cc8ee7bdc66ecb7503f8fc1/execute/sync'
13:08:52.598 [Forwarding getPageSource on session 5ad97dfb5cc8ee7bdc66ecb7503f8fc1 to remote] DEBUG org.asynchttpclient.netty.request.NettyRequestSender - Using open Channel [id: 0x4eddb369, L:/127.0.0.1:58747 - R:localhost/127.0.0.1:7138] for POST '/session/5ad97dfb5cc8ee7bdc66ecb7503f8fc1/execute/sync'
13:08:52.603 [AsyncHttpClient-1-2] DEBUG org.asynchttpclient.netty.handler.HttpHandler - 

Request DefaultHttpRequest(decodeResult: success, version: HTTP/1.1)
POST /session/5ad97dfb5cc8ee7bdc66ecb7503f8fc1/execute/sync HTTP/1.1
User-Agent: selenium/4.8.0 (java windows)
Content-Length: 176
Content-Type: application/json; charset=utf-8
host: localhost:7138
accept: */*

Response DefaultHttpResponse(decodeResult: success, version: HTTP/1.1)
HTTP/1.1 200 OK
Content-Length: 37726
Content-Type: application/json; charset=utf-8
cache-control: no-cache

13:08:52.604 [AsyncHttpClient-1-2] DEBUG org.asynchttpclient.netty.channel.ChannelManager - Adding key: http://localhost:7138 for channel [id: 0x4eddb369, L:/127.0.0.1:58747 - R:localhost/127.0.0.1:7138]
13:08:52.610 [Forwarding getCurrentUrl on session 5ad97dfb5cc8ee7bdc66ecb7503f8fc1 to remote] DEBUG org.asynchttpclient.netty.request.NettyRequestSender - Using pooled Channel '[id: 0x4eddb369, L:/127.0.0.1:58747 - R:localhost/127.0.0.1:7138]' for 'GET' to 'http://localhost:7138/session/5ad97dfb5cc8ee7bdc66ecb7503f8fc1/url'
13:08:52.610 [Forwarding getCurrentUrl on session 5ad97dfb5cc8ee7bdc66ecb7503f8fc1 to remote] DEBUG org.asynchttpclient.netty.request.NettyRequestSender - Using open Channel [id: 0x4eddb369, L:/127.0.0.1:58747 - R:localhost/127.0.0.1:7138] for GET '/session/5ad97dfb5cc8ee7bdc66ecb7503f8fc1/url'
13:08:52.613 [AsyncHttpClient-1-2] DEBUG org.asynchttpclient.netty.handler.HttpHandler - 

Request DefaultFullHttpRequest(decodeResult: success, version: HTTP/1.1, content: EmptyByteBufBE)
GET /session/5ad97dfb5cc8ee7bdc66ecb7503f8fc1/url HTTP/1.1
User-Agent: selenium/4.8.0 (java windows)
Cache-Control: no-cache
Content-Type: application/json; charset=utf-8
host: localhost:7138
accept: */*

Response DefaultHttpResponse(decodeResult: success, version: HTTP/1.1)
HTTP/1.1 200 OK
Content-Length: 41
Content-Type: application/json; charset=utf-8
cache-control: no-cache

13:08:52.613 [AsyncHttpClient-1-2] DEBUG org.asynchttpclient.netty.channel.ChannelManager - Adding key: http://localhost:7138 for channel [id: 0x4eddb369, L:/127.0.0.1:58747 - R:localhost/127.0.0.1:7138]
13:08:52.614 [main] DEBUG net.thucydides.core.steps.StepInterceptor - STARTING STEP: OpenCartStepDefinition.search_for - !#title
13:08:52.621 [Forwarding getPageSource on session 5ad97dfb5cc8ee7bdc66ecb7503f8fc1 to remote] DEBUG org.asynchttpclient.netty.request.NettyRequestSender - Using pooled Channel '[id: 0x4eddb369, L:/127.0.0.1:58747 - R:localhost/127.0.0.1:7138]' for 'POST' to 'http://localhost:7138/session/5ad97dfb5cc8ee7bdc66ecb7503f8fc1/execute/sync'
13:08:52.621 [Forwarding getPageSource on session 5ad97dfb5cc8ee7bdc66ecb7503f8fc1 to remote] DEBUG org.asynchttpclient.netty.request.NettyRequestSender - Using open Channel [id: 0x4eddb369, L:/127.0.0.1:58747 - R:localhost/127.0.0.1:7138] for POST '/session/5ad97dfb5cc8ee7bdc66ecb7503f8fc1/execute/sync'
13:08:52.626 [AsyncHttpClient-1-2] DEBUG org.asynchttpclient.netty.handler.HttpHandler - 

Request DefaultHttpRequest(decodeResult: success, version: HTTP/1.1)
POST /session/5ad97dfb5cc8ee7bdc66ecb7503f8fc1/execute/sync HTTP/1.1
User-Agent: selenium/4.8.0 (java windows)
Content-Length: 176
Content-Type: application/json; charset=utf-8
host: localhost:7138
accept: */*

Response DefaultHttpResponse(decodeResult: success, version: HTTP/1.1)
HTTP/1.1 200 OK
Content-Length: 37726
Content-Type: application/json; charset=utf-8
cache-control: no-cache

13:08:52.626 [AsyncHttpClient-1-2] DEBUG org.asynchttpclient.netty.channel.ChannelManager - Adding key: http://localhost:7138 for channel [id: 0x4eddb369, L:/127.0.0.1:58747 - R:localhost/127.0.0.1:7138]
13:08:52.632 [Forwarding getCurrentUrl on session 5ad97dfb5cc8ee7bdc66ecb7503f8fc1 to remote] DEBUG org.asynchttpclient.netty.request.NettyRequestSender - Using pooled Channel '[id: 0x4eddb369, L:/127.0.0.1:58747 - R:localhost/127.0.0.1:7138]' for 'GET' to 'http://localhost:7138/session/5ad97dfb5cc8ee7bdc66ecb7503f8fc1/url'
13:08:52.632 [Forwarding getCurrentUrl on session 5ad97dfb5cc8ee7bdc66ecb7503f8fc1 to remote] DEBUG org.asynchttpclient.netty.request.NettyRequestSender - Using open Channel [id: 0x4eddb369, L:/127.0.0.1:58747 - R:localhost/127.0.0.1:7138] for GET '/session/5ad97dfb5cc8ee7bdc66ecb7503f8fc1/url'
13:08:52.636 [AsyncHttpClient-1-2] DEBUG org.asynchttpclient.netty.handler.HttpHandler - 

Request DefaultFullHttpRequest(decodeResult: success, version: HTTP/1.1, content: EmptyByteBufBE)
GET /session/5ad97dfb5cc8ee7bdc66ecb7503f8fc1/url HTTP/1.1
User-Agent: selenium/4.8.0 (java windows)
Cache-Control: no-cache
Content-Type: application/json; charset=utf-8
host: localhost:7138
accept: */*

Response DefaultHttpResponse(decodeResult: success, version: HTTP/1.1)
HTTP/1.1 200 OK
Content-Length: 41
Content-Type: application/json; charset=utf-8
cache-control: no-cache

13:08:52.636 [AsyncHttpClient-1-2] DEBUG org.asynchttpclient.netty.channel.ChannelManager - Adding key: http://localhost:7138 for channel [id: 0x4eddb369, L:/127.0.0.1:58747 - R:localhost/127.0.0.1:7138]
13:08:52.638 [main] DEBUG net.thucydides.core.steps.StepInterceptor - STARTING STEP: OpenCartStepDefinition.search_for - {0} clears field #locators
13:08:52.646 [Forwarding findElement on session 5ad97dfb5cc8ee7bdc66ecb7503f8fc1 to remote] DEBUG org.asynchttpclient.netty.request.NettyRequestSender - Using pooled Channel '[id: 0x4eddb369, L:/127.0.0.1:58747 - R:localhost/127.0.0.1:7138]' for 'POST' to 'http://localhost:7138/session/5ad97dfb5cc8ee7bdc66ecb7503f8fc1/element'
13:08:52.646 [Forwarding findElement on session 5ad97dfb5cc8ee7bdc66ecb7503f8fc1 to remote] DEBUG org.asynchttpclient.netty.request.NettyRequestSender - Using open Channel [id: 0x4eddb369, L:/127.0.0.1:58747 - R:localhost/127.0.0.1:7138] for POST '/session/5ad97dfb5cc8ee7bdc66ecb7503f8fc1/element'
13:08:52.655 [AsyncHttpClient-1-2] DEBUG org.asynchttpclient.netty.handler.HttpHandler - 

Request DefaultHttpRequest(decodeResult: success, version: HTTP/1.1)
POST /session/5ad97dfb5cc8ee7bdc66ecb7503f8fc1/element HTTP/1.1
User-Agent: selenium/4.8.0 (java windows)
Content-Length: 109
Content-Type: application/json; charset=utf-8
host: localhost:7138
accept: */*

Response DefaultHttpResponse(decodeResult: success, version: HTTP/1.1)
HTTP/1.1 200 OK
Content-Length: 95
Content-Type: application/json; charset=utf-8
cache-control: no-cache

13:08:52.655 [AsyncHttpClient-1-2] DEBUG org.asynchttpclient.netty.channel.ChannelManager - Adding key: http://localhost:7138 for channel [id: 0x4eddb369, L:/127.0.0.1:58747 - R:localhost/127.0.0.1:7138]
13:08:52.663 [Forwarding isElementDisplayed on session 5ad97dfb5cc8ee7bdc66ecb7503f8fc1 to remote] DEBUG org.asynchttpclient.netty.request.NettyRequestSender - Using pooled Channel '[id: 0x4eddb369, L:/127.0.0.1:58747 - R:localhost/127.0.0.1:7138]' for 'POST' to 'http://localhost:7138/session/5ad97dfb5cc8ee7bdc66ecb7503f8fc1/execute/sync'
13:08:52.663 [Forwarding isElementDisplayed on session 5ad97dfb5cc8ee7bdc66ecb7503f8fc1 to remote] DEBUG org.asynchttpclient.netty.request.NettyRequestSender - Using open Channel [id: 0x4eddb369, L:/127.0.0.1:58747 - R:localhost/127.0.0.1:7138] for POST '/session/5ad97dfb5cc8ee7bdc66ecb7503f8fc1/execute/sync'
13:08:52.672 [AsyncHttpClient-1-2] DEBUG org.asynchttpclient.netty.handler.HttpHandler - 

Request DefaultHttpRequest(decodeResult: success, version: HTTP/1.1)
POST /session/5ad97dfb5cc8ee7bdc66ecb7503f8fc1/execute/sync HTTP/1.1
User-Agent: selenium/4.8.0 (java windows)
Content-Length: 48814
Content-Type: application/json; charset=utf-8
host: localhost:7138
accept: */*

Response DefaultHttpResponse(decodeResult: success, version: HTTP/1.1)
HTTP/1.1 200 OK
Content-Length: 14
Content-Type: application/json; charset=utf-8
cache-control: no-cache

13:08:52.672 [AsyncHttpClient-1-2] DEBUG org.asynchttpclient.netty.channel.ChannelManager - Adding key: http://localhost:7138 for channel [id: 0x4eddb369, L:/127.0.0.1:58747 - R:localhost/127.0.0.1:7138]
13:08:52.674 [Forwarding clearElement on session 5ad97dfb5cc8ee7bdc66ecb7503f8fc1 to remote] DEBUG org.asynchttpclient.netty.request.NettyRequestSender - Using pooled Channel '[id: 0x4eddb369, L:/127.0.0.1:58747 - R:localhost/127.0.0.1:7138]' for 'POST' to 'http://localhost:7138/session/5ad97dfb5cc8ee7bdc66ecb7503f8fc1/element/73EE823629EBBD91C99488D785B3BEC3_element_18/clear'
13:08:52.675 [Forwarding clearElement on session 5ad97dfb5cc8ee7bdc66ecb7503f8fc1 to remote] DEBUG org.asynchttpclient.netty.request.NettyRequestSender - Using open Channel [id: 0x4eddb369, L:/127.0.0.1:58747 - R:localhost/127.0.0.1:7138] for POST '/session/5ad97dfb5cc8ee7bdc66ecb7503f8fc1/element/73EE823629EBBD91C99488D785B3BEC3_element_18/clear'
13:08:52.696 [AsyncHttpClient-1-2] DEBUG org.asynchttpclient.netty.handler.HttpHandler - 

Request DefaultHttpRequest(decodeResult: success, version: HTTP/1.1)
POST /session/5ad97dfb5cc8ee7bdc66ecb7503f8fc1/element/73EE823629EBBD91C99488D785B3BEC3_element_18/clear HTTP/1.1
User-Agent: selenium/4.8.0 (java windows)
Content-Length: 57
Content-Type: application/json; charset=utf-8
host: localhost:7138
accept: */*

Response DefaultHttpResponse(decodeResult: success, version: HTTP/1.1)
HTTP/1.1 200 OK
Content-Length: 14
Content-Type: application/json; charset=utf-8
cache-control: no-cache

13:08:52.698 [AsyncHttpClient-1-2] DEBUG org.asynchttpclient.netty.channel.ChannelManager - Adding key: http://localhost:7138 for channel [id: 0x4eddb369, L:/127.0.0.1:58747 - R:localhost/127.0.0.1:7138]
13:08:52.702 [Forwarding getAlertText on session 5ad97dfb5cc8ee7bdc66ecb7503f8fc1 to remote] DEBUG org.asynchttpclient.netty.request.NettyRequestSender - Using pooled Channel '[id: 0x4eddb369, L:/127.0.0.1:58747 - R:localhost/127.0.0.1:7138]' for 'GET' to 'http://localhost:7138/session/5ad97dfb5cc8ee7bdc66ecb7503f8fc1/alert/text'
13:08:52.702 [Forwarding getAlertText on session 5ad97dfb5cc8ee7bdc66ecb7503f8fc1 to remote] DEBUG org.asynchttpclient.netty.request.NettyRequestSender - Using open Channel [id: 0x4eddb369, L:/127.0.0.1:58747 - R:localhost/127.0.0.1:7138] for GET '/session/5ad97dfb5cc8ee7bdc66ecb7503f8fc1/alert/text'
13:08:52.704 [AsyncHttpClient-1-2] DEBUG org.asynchttpclient.netty.handler.HttpHandler - 

Request DefaultFullHttpRequest(decodeResult: success, version: HTTP/1.1, content: EmptyByteBufBE)
GET /session/5ad97dfb5cc8ee7bdc66ecb7503f8fc1/alert/text HTTP/1.1
User-Agent: selenium/4.8.0 (java windows)
Cache-Control: no-cache
Content-Type: application/json; charset=utf-8
host: localhost:7138
accept: */*

Response DefaultHttpResponse(decodeResult: success, version: HTTP/1.1)
HTTP/1.1 404 Not Found
Content-Length: 820
Content-Type: application/json; charset=utf-8
cache-control: no-cache

13:08:52.704 [AsyncHttpClient-1-2] DEBUG org.asynchttpclient.netty.channel.ChannelManager - Adding key: http://localhost:7138 for channel [id: 0x4eddb369, L:/127.0.0.1:58747 - R:localhost/127.0.0.1:7138]
13:08:52.705 [Forwarding getCurrentUrl on session 5ad97dfb5cc8ee7bdc66ecb7503f8fc1 to remote] DEBUG org.asynchttpclient.netty.request.NettyRequestSender - Using pooled Channel '[id: 0x4eddb369, L:/127.0.0.1:58747 - R:localhost/127.0.0.1:7138]' for 'GET' to 'http://localhost:7138/session/5ad97dfb5cc8ee7bdc66ecb7503f8fc1/url'
13:08:52.705 [Forwarding getCurrentUrl on session 5ad97dfb5cc8ee7bdc66ecb7503f8fc1 to remote] DEBUG org.asynchttpclient.netty.request.NettyRequestSender - Using open Channel [id: 0x4eddb369, L:/127.0.0.1:58747 - R:localhost/127.0.0.1:7138] for GET '/session/5ad97dfb5cc8ee7bdc66ecb7503f8fc1/url'
13:08:52.706 [AsyncHttpClient-1-2] DEBUG org.asynchttpclient.netty.handler.HttpHandler - 

Request DefaultFullHttpRequest(decodeResult: success, version: HTTP/1.1, content: EmptyByteBufBE)
GET /session/5ad97dfb5cc8ee7bdc66ecb7503f8fc1/url HTTP/1.1
User-Agent: selenium/4.8.0 (java windows)
Cache-Control: no-cache
Content-Type: application/json; charset=utf-8
host: localhost:7138
accept: */*

Response DefaultHttpResponse(decodeResult: success, version: HTTP/1.1)
HTTP/1.1 200 OK
Content-Length: 41
Content-Type: application/json; charset=utf-8
cache-control: no-cache

13:08:52.706 [AsyncHttpClient-1-2] DEBUG org.asynchttpclient.netty.channel.ChannelManager - Adding key: http://localhost:7138 for channel [id: 0x4eddb369, L:/127.0.0.1:58747 - R:localhost/127.0.0.1:7138]
13:08:52.708 [Forwarding screenshot on session 5ad97dfb5cc8ee7bdc66ecb7503f8fc1 to remote] DEBUG org.asynchttpclient.netty.request.NettyRequestSender - Using pooled Channel '[id: 0x4eddb369, L:/127.0.0.1:58747 - R:localhost/127.0.0.1:7138]' for 'GET' to 'http://localhost:7138/session/5ad97dfb5cc8ee7bdc66ecb7503f8fc1/screenshot'
13:08:52.708 [Forwarding screenshot on session 5ad97dfb5cc8ee7bdc66ecb7503f8fc1 to remote] DEBUG org.asynchttpclient.netty.request.NettyRequestSender - Using open Channel [id: 0x4eddb369, L:/127.0.0.1:58747 - R:localhost/127.0.0.1:7138] for GET '/session/5ad97dfb5cc8ee7bdc66ecb7503f8fc1/screenshot'
13:08:52.835 [AsyncHttpClient-1-2] DEBUG org.asynchttpclient.netty.handler.HttpHandler - 

Request DefaultFullHttpRequest(decodeResult: success, version: HTTP/1.1, content: EmptyByteBufBE)
GET /session/5ad97dfb5cc8ee7bdc66ecb7503f8fc1/screenshot HTTP/1.1
User-Agent: selenium/4.8.0 (java windows)
Cache-Control: no-cache
Content-Type: application/json; charset=utf-8
host: localhost:7138
accept: */*

Response DefaultHttpResponse(decodeResult: success, version: HTTP/1.1)
HTTP/1.1 200 OK
Content-Length: 420480
Content-Type: application/json; charset=utf-8
cache-control: no-cache

13:08:52.836 [AsyncHttpClient-1-2] DEBUG org.asynchttpclient.netty.channel.ChannelManager - Adding key: http://localhost:7138 for channel [id: 0x4eddb369, L:/127.0.0.1:58747 - R:localhost/127.0.0.1:7138]
13:08:52.848 [main] DEBUG net.serenitybdd.core.photography.Darkroom - Send negative for processing for target\site\serenity\10042b224230115ee44c817abe5b038e2cc413bae70f3c66ffcb4951fb514d3b.png
13:08:53.053 [main] DEBUG net.thucydides.core.steps.StepInterceptor - STEP DONE: {0} clears field #locators
13:08:53.059 [Forwarding getAlertText on session 5ad97dfb5cc8ee7bdc66ecb7503f8fc1 to remote] DEBUG org.asynchttpclient.netty.request.NettyRequestSender - Using pooled Channel '[id: 0x4eddb369, L:/127.0.0.1:58747 - R:localhost/127.0.0.1:7138]' for 'GET' to 'http://localhost:7138/session/5ad97dfb5cc8ee7bdc66ecb7503f8fc1/alert/text'
13:08:53.059 [Forwarding getAlertText on session 5ad97dfb5cc8ee7bdc66ecb7503f8fc1 to remote] DEBUG org.asynchttpclient.netty.request.NettyRequestSender - Using open Channel [id: 0x4eddb369, L:/127.0.0.1:58747 - R:localhost/127.0.0.1:7138] for GET '/session/5ad97dfb5cc8ee7bdc66ecb7503f8fc1/alert/text'
13:08:53.061 [AsyncHttpClient-1-2] DEBUG org.asynchttpclient.netty.handler.HttpHandler - 

Request DefaultFullHttpRequest(decodeResult: success, version: HTTP/1.1, content: EmptyByteBufBE)
GET /session/5ad97dfb5cc8ee7bdc66ecb7503f8fc1/alert/text HTTP/1.1
User-Agent: selenium/4.8.0 (java windows)
Cache-Control: no-cache
Content-Type: application/json; charset=utf-8
host: localhost:7138
accept: */*

Response DefaultHttpResponse(decodeResult: success, version: HTTP/1.1)
HTTP/1.1 404 Not Found
Content-Length: 820
Content-Type: application/json; charset=utf-8
cache-control: no-cache

13:08:53.061 [AsyncHttpClient-1-2] DEBUG org.asynchttpclient.netty.channel.ChannelManager - Adding key: http://localhost:7138 for channel [id: 0x4eddb369, L:/127.0.0.1:58747 - R:localhost/127.0.0.1:7138]
13:08:53.062 [Forwarding getCurrentUrl on session 5ad97dfb5cc8ee7bdc66ecb7503f8fc1 to remote] DEBUG org.asynchttpclient.netty.request.NettyRequestSender - Using pooled Channel '[id: 0x4eddb369, L:/127.0.0.1:58747 - R:localhost/127.0.0.1:7138]' for 'GET' to 'http://localhost:7138/session/5ad97dfb5cc8ee7bdc66ecb7503f8fc1/url'
13:08:53.062 [Forwarding getCurrentUrl on session 5ad97dfb5cc8ee7bdc66ecb7503f8fc1 to remote] DEBUG org.asynchttpclient.netty.request.NettyRequestSender - Using open Channel [id: 0x4eddb369, L:/127.0.0.1:58747 - R:localhost/127.0.0.1:7138] for GET '/session/5ad97dfb5cc8ee7bdc66ecb7503f8fc1/url'
13:08:53.065 [AsyncHttpClient-1-2] DEBUG org.asynchttpclient.netty.handler.HttpHandler - 

Request DefaultFullHttpRequest(decodeResult: success, version: HTTP/1.1, content: EmptyByteBufBE)
GET /session/5ad97dfb5cc8ee7bdc66ecb7503f8fc1/url HTTP/1.1
User-Agent: selenium/4.8.0 (java windows)
Cache-Control: no-cache
Content-Type: application/json; charset=utf-8
host: localhost:7138
accept: */*

Response DefaultHttpResponse(decodeResult: success, version: HTTP/1.1)
HTTP/1.1 200 OK
Content-Length: 41
Content-Type: application/json; charset=utf-8
cache-control: no-cache

13:08:53.066 [AsyncHttpClient-1-2] DEBUG org.asynchttpclient.netty.channel.ChannelManager - Adding key: http://localhost:7138 for channel [id: 0x4eddb369, L:/127.0.0.1:58747 - R:localhost/127.0.0.1:7138]
13:08:53.066 [Forwarding screenshot on session 5ad97dfb5cc8ee7bdc66ecb7503f8fc1 to remote] DEBUG org.asynchttpclient.netty.request.NettyRequestSender - Using pooled Channel '[id: 0x4eddb369, L:/127.0.0.1:58747 - R:localhost/127.0.0.1:7138]' for 'GET' to 'http://localhost:7138/session/5ad97dfb5cc8ee7bdc66ecb7503f8fc1/screenshot'
13:08:53.066 [Forwarding screenshot on session 5ad97dfb5cc8ee7bdc66ecb7503f8fc1 to remote] DEBUG org.asynchttpclient.netty.request.NettyRequestSender - Using open Channel [id: 0x4eddb369, L:/127.0.0.1:58747 - R:localhost/127.0.0.1:7138] for GET '/session/5ad97dfb5cc8ee7bdc66ecb7503f8fc1/screenshot'
13:08:53.215 [AsyncHttpClient-1-2] DEBUG org.asynchttpclient.netty.handler.HttpHandler - 

Request DefaultFullHttpRequest(decodeResult: success, version: HTTP/1.1, content: EmptyByteBufBE)
GET /session/5ad97dfb5cc8ee7bdc66ecb7503f8fc1/screenshot HTTP/1.1
User-Agent: selenium/4.8.0 (java windows)
Cache-Control: no-cache
Content-Type: application/json; charset=utf-8
host: localhost:7138
accept: */*

Response DefaultHttpResponse(decodeResult: success, version: HTTP/1.1)
HTTP/1.1 200 OK
Content-Length: 558108
Content-Type: application/json; charset=utf-8
cache-control: no-cache

13:08:53.216 [AsyncHttpClient-1-2] DEBUG org.asynchttpclient.netty.channel.ChannelManager - Adding key: http://localhost:7138 for channel [id: 0x4eddb369, L:/127.0.0.1:58747 - R:localhost/127.0.0.1:7138]
13:08:53.232 [main] DEBUG net.serenitybdd.core.photography.Darkroom - Send negative for processing for target\site\serenity\af63560227a8757e99d142a7f5f4f0a25ab4d40a5add27a70dc8138f21091d39.png
13:08:53.232 [Darkroom Processing Line] DEBUG net.serenitybdd.core.photography.DarkroomProcessingLine - Processing screenshot image in /var/screenshots/screenshot-3252696781669521003
13:08:53.233 [Darkroom Processing Line] DEBUG net.serenitybdd.core.photography.DarkroomProcessingLine - Saving screenshot to target\site\serenity\af63560227a8757e99d142a7f5f4f0a25ab4d40a5add27a70dc8138f21091d39.png
13:08:53.234 [Forwarding getPageSource on session 5ad97dfb5cc8ee7bdc66ecb7503f8fc1 to remote] DEBUG org.asynchttpclient.netty.request.NettyRequestSender - Using pooled Channel '[id: 0x4eddb369, L:/127.0.0.1:58747 - R:localhost/127.0.0.1:7138]' for 'POST' to 'http://localhost:7138/session/5ad97dfb5cc8ee7bdc66ecb7503f8fc1/execute/sync'
13:08:53.234 [Forwarding getPageSource on session 5ad97dfb5cc8ee7bdc66ecb7503f8fc1 to remote] DEBUG org.asynchttpclient.netty.request.NettyRequestSender - Using open Channel [id: 0x4eddb369, L:/127.0.0.1:58747 - R:localhost/127.0.0.1:7138] for POST '/session/5ad97dfb5cc8ee7bdc66ecb7503f8fc1/execute/sync'
13:08:53.239 [AsyncHttpClient-1-2] DEBUG org.asynchttpclient.netty.handler.HttpHandler - 

Request DefaultHttpRequest(decodeResult: success, version: HTTP/1.1)
POST /session/5ad97dfb5cc8ee7bdc66ecb7503f8fc1/execute/sync HTTP/1.1
User-Agent: selenium/4.8.0 (java windows)
Content-Length: 176
Content-Type: application/json; charset=utf-8
host: localhost:7138
accept: */*

Response DefaultHttpResponse(decodeResult: success, version: HTTP/1.1)
HTTP/1.1 200 OK
Content-Length: 37728
Content-Type: application/json; charset=utf-8
cache-control: no-cache

13:08:53.239 [AsyncHttpClient-1-2] DEBUG org.asynchttpclient.netty.channel.ChannelManager - Adding key: http://localhost:7138 for channel [id: 0x4eddb369, L:/127.0.0.1:58747 - R:localhost/127.0.0.1:7138]
13:08:53.244 [Forwarding getCurrentUrl on session 5ad97dfb5cc8ee7bdc66ecb7503f8fc1 to remote] DEBUG org.asynchttpclient.netty.request.NettyRequestSender - Using pooled Channel '[id: 0x4eddb369, L:/127.0.0.1:58747 - R:localhost/127.0.0.1:7138]' for 'GET' to 'http://localhost:7138/session/5ad97dfb5cc8ee7bdc66ecb7503f8fc1/url'
13:08:53.244 [Forwarding getCurrentUrl on session 5ad97dfb5cc8ee7bdc66ecb7503f8fc1 to remote] DEBUG org.asynchttpclient.netty.request.NettyRequestSender - Using open Channel [id: 0x4eddb369, L:/127.0.0.1:58747 - R:localhost/127.0.0.1:7138] for GET '/session/5ad97dfb5cc8ee7bdc66ecb7503f8fc1/url'
13:08:53.246 [AsyncHttpClient-1-2] DEBUG org.asynchttpclient.netty.handler.HttpHandler - 

Request DefaultFullHttpRequest(decodeResult: success, version: HTTP/1.1, content: EmptyByteBufBE)
GET /session/5ad97dfb5cc8ee7bdc66ecb7503f8fc1/url HTTP/1.1
User-Agent: selenium/4.8.0 (java windows)
Cache-Control: no-cache
Content-Type: application/json; charset=utf-8
host: localhost:7138
accept: */*

Response DefaultHttpResponse(decodeResult: success, version: HTTP/1.1)
HTTP/1.1 200 OK
Content-Length: 41
Content-Type: application/json; charset=utf-8
cache-control: no-cache

13:08:53.246 [AsyncHttpClient-1-2] DEBUG org.asynchttpclient.netty.channel.ChannelManager - Adding key: http://localhost:7138 for channel [id: 0x4eddb369, L:/127.0.0.1:58747 - R:localhost/127.0.0.1:7138]
13:08:53.249 [main] DEBUG net.thucydides.core.steps.StepInterceptor - STARTING STEP: OpenCartStepDefinition.search_for - {0} enters #theTextAsAString into #locatorNames
13:08:53.252 [Forwarding findElement on session 5ad97dfb5cc8ee7bdc66ecb7503f8fc1 to remote] DEBUG org.asynchttpclient.netty.request.NettyRequestSender - Using pooled Channel '[id: 0x4eddb369, L:/127.0.0.1:58747 - R:localhost/127.0.0.1:7138]' for 'POST' to 'http://localhost:7138/session/5ad97dfb5cc8ee7bdc66ecb7503f8fc1/element'
13:08:53.252 [Forwarding findElement on session 5ad97dfb5cc8ee7bdc66ecb7503f8fc1 to remote] DEBUG org.asynchttpclient.netty.request.NettyRequestSender - Using open Channel [id: 0x4eddb369, L:/127.0.0.1:58747 - R:localhost/127.0.0.1:7138] for POST '/session/5ad97dfb5cc8ee7bdc66ecb7503f8fc1/element'
13:08:53.257 [AsyncHttpClient-1-2] DEBUG org.asynchttpclient.netty.handler.HttpHandler - 

Request DefaultHttpRequest(decodeResult: success, version: HTTP/1.1)
POST /session/5ad97dfb5cc8ee7bdc66ecb7503f8fc1/element HTTP/1.1
User-Agent: selenium/4.8.0 (java windows)
Content-Length: 109
Content-Type: application/json; charset=utf-8
host: localhost:7138
accept: */*

Response DefaultHttpResponse(decodeResult: success, version: HTTP/1.1)
HTTP/1.1 200 OK
Content-Length: 95
Content-Type: application/json; charset=utf-8
cache-control: no-cache

13:08:53.257 [AsyncHttpClient-1-2] DEBUG org.asynchttpclient.netty.channel.ChannelManager - Adding key: http://localhost:7138 for channel [id: 0x4eddb369, L:/127.0.0.1:58747 - R:localhost/127.0.0.1:7138]
13:08:53.259 [Forwarding clearElement on session 5ad97dfb5cc8ee7bdc66ecb7503f8fc1 to remote] DEBUG org.asynchttpclient.netty.request.NettyRequestSender - Using pooled Channel '[id: 0x4eddb369, L:/127.0.0.1:58747 - R:localhost/127.0.0.1:7138]' for 'POST' to 'http://localhost:7138/session/5ad97dfb5cc8ee7bdc66ecb7503f8fc1/element/73EE823629EBBD91C99488D785B3BEC3_element_18/clear'
13:08:53.259 [Forwarding clearElement on session 5ad97dfb5cc8ee7bdc66ecb7503f8fc1 to remote] DEBUG org.asynchttpclient.netty.request.NettyRequestSender - Using open Channel [id: 0x4eddb369, L:/127.0.0.1:58747 - R:localhost/127.0.0.1:7138] for POST '/session/5ad97dfb5cc8ee7bdc66ecb7503f8fc1/element/73EE823629EBBD91C99488D785B3BEC3_element_18/clear'
13:08:53.273 [AsyncHttpClient-1-2] DEBUG org.asynchttpclient.netty.handler.HttpHandler - 

Request DefaultHttpRequest(decodeResult: success, version: HTTP/1.1)
POST /session/5ad97dfb5cc8ee7bdc66ecb7503f8fc1/element/73EE823629EBBD91C99488D785B3BEC3_element_18/clear HTTP/1.1
User-Agent: selenium/4.8.0 (java windows)
Content-Length: 57
Content-Type: application/json; charset=utf-8
host: localhost:7138
accept: */*

Response DefaultHttpResponse(decodeResult: success, version: HTTP/1.1)
HTTP/1.1 200 OK
Content-Length: 14
Content-Type: application/json; charset=utf-8
cache-control: no-cache

13:08:53.273 [AsyncHttpClient-1-2] DEBUG org.asynchttpclient.netty.channel.ChannelManager - Adding key: http://localhost:7138 for channel [id: 0x4eddb369, L:/127.0.0.1:58747 - R:localhost/127.0.0.1:7138]
13:08:53.276 [Forwarding findElement on session 5ad97dfb5cc8ee7bdc66ecb7503f8fc1 to remote] DEBUG org.asynchttpclient.netty.request.NettyRequestSender - Using pooled Channel '[id: 0x4eddb369, L:/127.0.0.1:58747 - R:localhost/127.0.0.1:7138]' for 'POST' to 'http://localhost:7138/session/5ad97dfb5cc8ee7bdc66ecb7503f8fc1/element'
13:08:53.276 [Forwarding findElement on session 5ad97dfb5cc8ee7bdc66ecb7503f8fc1 to remote] DEBUG org.asynchttpclient.netty.request.NettyRequestSender - Using open Channel [id: 0x4eddb369, L:/127.0.0.1:58747 - R:localhost/127.0.0.1:7138] for POST '/session/5ad97dfb5cc8ee7bdc66ecb7503f8fc1/element'
13:08:53.281 [AsyncHttpClient-1-2] DEBUG org.asynchttpclient.netty.handler.HttpHandler - 

Request DefaultHttpRequest(decodeResult: success, version: HTTP/1.1)
POST /session/5ad97dfb5cc8ee7bdc66ecb7503f8fc1/element HTTP/1.1
User-Agent: selenium/4.8.0 (java windows)
Content-Length: 109
Content-Type: application/json; charset=utf-8
host: localhost:7138
accept: */*

Response DefaultHttpResponse(decodeResult: success, version: HTTP/1.1)
HTTP/1.1 200 OK
Content-Length: 95
Content-Type: application/json; charset=utf-8
cache-control: no-cache

13:08:53.281 [AsyncHttpClient-1-2] DEBUG org.asynchttpclient.netty.channel.ChannelManager - Adding key: http://localhost:7138 for channel [id: 0x4eddb369, L:/127.0.0.1:58747 - R:localhost/127.0.0.1:7138]
13:08:53.283 [Forwarding sendKeysToElement on session 5ad97dfb5cc8ee7bdc66ecb7503f8fc1 to remote] DEBUG org.asynchttpclient.netty.request.NettyRequestSender - Using pooled Channel '[id: 0x4eddb369, L:/127.0.0.1:58747 - R:localhost/127.0.0.1:7138]' for 'POST' to 'http://localhost:7138/session/5ad97dfb5cc8ee7bdc66ecb7503f8fc1/element/73EE823629EBBD91C99488D785B3BEC3_element_18/value'
13:08:53.283 [Forwarding sendKeysToElement on session 5ad97dfb5cc8ee7bdc66ecb7503f8fc1 to remote] DEBUG org.asynchttpclient.netty.request.NettyRequestSender - Using open Channel [id: 0x4eddb369, L:/127.0.0.1:58747 - R:localhost/127.0.0.1:7138] for POST '/session/5ad97dfb5cc8ee7bdc66ecb7503f8fc1/element/73EE823629EBBD91C99488D785B3BEC3_element_18/value'
13:08:53.321 [AsyncHttpClient-1-2] DEBUG org.asynchttpclient.netty.handler.HttpHandler - 

Request DefaultHttpRequest(decodeResult: success, version: HTTP/1.1)
POST /session/5ad97dfb5cc8ee7bdc66ecb7503f8fc1/element/73EE823629EBBD91C99488D785B3BEC3_element_18/value HTTP/1.1
User-Agent: selenium/4.8.0 (java windows)
Content-Length: 268
Content-Type: application/json; charset=utf-8
host: localhost:7138
accept: */*

Response DefaultHttpResponse(decodeResult: success, version: HTTP/1.1)
HTTP/1.1 200 OK
Content-Length: 14
Content-Type: application/json; charset=utf-8
cache-control: no-cache

13:08:53.321 [AsyncHttpClient-1-2] DEBUG org.asynchttpclient.netty.channel.ChannelManager - Adding key: http://localhost:7138 for channel [id: 0x4eddb369, L:/127.0.0.1:58747 - R:localhost/127.0.0.1:7138]
[...]
HTTP/1.1 200 OK
Content-Length: 73
Content-Type: application/json; charset=utf-8
cache-control: no-cache

13:09:23.750 [AsyncHttpClient-1-2] DEBUG org.asynchttpclient.netty.channel.ChannelManager - Adding key: http://localhost:7138 for channel [id: 0x4eddb369, L:/127.0.0.1:58747 - R:localhost/127.0.0.1:7138]
13:09:23.750 [Forwarding screenshot on session 5ad97dfb5cc8ee7bdc66ecb7503f8fc1 to remote] DEBUG org.asynchttpclient.netty.request.NettyRequestSender - Using pooled Channel '[id: 0x4eddb369, L:/127.0.0.1:58747 - R:localhost/127.0.0.1:7138]' for 'GET' to 'http://localhost:7138/session/5ad97dfb5cc8ee7bdc66ecb7503f8fc1/screenshot'
13:09:23.750 [Forwarding screenshot on session 5ad97dfb5cc8ee7bdc66ecb7503f8fc1 to remote] DEBUG org.asynchttpclient.netty.request.NettyRequestSender - Using open Channel [id: 0x4eddb369, L:/127.0.0.1:58747 - R:localhost/127.0.0.1:7138] for GET '/session/5ad97dfb5cc8ee7bdc66ecb7503f8fc1/screenshot'
13:09:23.834 [AsyncHttpClient-1-2] DEBUG org.asynchttpclient.netty.handler.HttpHandler - 

Request DefaultFullHttpRequest(decodeResult: success, version: HTTP/1.1, content: EmptyByteBufBE)
GET /session/5ad97dfb5cc8ee7bdc66ecb7503f8fc1/screenshot HTTP/1.1
User-Agent: selenium/4.8.0 (java windows)
Cache-Control: no-cache
Content-Type: application/json; charset=utf-8
host: localhost:7138
accept: */*

Response DefaultHttpResponse(decodeResult: success, version: HTTP/1.1)
HTTP/1.1 200 OK
Content-Length: 82728
Content-Type: application/json; charset=utf-8
cache-control: no-cache

13:09:23.835 [AsyncHttpClient-1-2] DEBUG org.asynchttpclient.netty.channel.ChannelManager - Adding key: http://localhost:7138 for channel [id: 0x4eddb369, L:/127.0.0.1:58747 - R:localhost/127.0.0.1:7138]
13:09:23.837 [main] DEBUG net.serenitybdd.core.photography.Darkroom - Send negative for processing for target\site\serenity\9921fb2bddfa823b329388f5406fb55f32d3ac894aafcb1eb7163ee109d8a956.png
13:09:23.838 [Forwarding getPageSource on session 5ad97dfb5cc8ee7bdc66ecb7503f8fc1 to remote] DEBUG org.asynchttpclient.netty.request.NettyRequestSender - Using pooled Channel '[id: 0x4eddb369, L:/127.0.0.1:58747 - R:localhost/127.0.0.1:7138]' for 'POST' to 'http://localhost:7138/session/5ad97dfb5cc8ee7bdc66ecb7503f8fc1/execute/sync'
13:09:23.838 [Forwarding getPageSource on session 5ad97dfb5cc8ee7bdc66ecb7503f8fc1 to remote] DEBUG org.asynchttpclient.netty.request.NettyRequestSender - Using open Channel [id: 0x4eddb369, L:/127.0.0.1:58747 - R:localhost/127.0.0.1:7138] for POST '/session/5ad97dfb5cc8ee7bdc66ecb7503f8fc1/execute/sync'
13:09:23.843 [AsyncHttpClient-1-2] DEBUG org.asynchttpclient.netty.handler.HttpHandler - 

Request DefaultHttpRequest(decodeResult: success, version: HTTP/1.1)
POST /session/5ad97dfb5cc8ee7bdc66ecb7503f8fc1/execute/sync HTTP/1.1
User-Agent: selenium/4.8.0 (java windows)
Content-Length: 176
Content-Type: application/json; charset=utf-8
host: localhost:7138
accept: */*

Response DefaultHttpResponse(decodeResult: success, version: HTTP/1.1)
HTTP/1.1 200 OK
Content-Length: 21439
Content-Type: application/json; charset=utf-8
cache-control: no-cache

13:09:23.843 [AsyncHttpClient-1-2] DEBUG org.asynchttpclient.netty.channel.ChannelManager - Adding key: http://localhost:7138 for channel [id: 0x4eddb369, L:/127.0.0.1:58747 - R:localhost/127.0.0.1:7138]
13:09:23.845 [Forwarding getCurrentUrl on session 5ad97dfb5cc8ee7bdc66ecb7503f8fc1 to remote] DEBUG org.asynchttpclient.netty.request.NettyRequestSender - Using pooled Channel '[id: 0x4eddb369, L:/127.0.0.1:58747 - R:localhost/127.0.0.1:7138]' for 'GET' to 'http://localhost:7138/session/5ad97dfb5cc8ee7bdc66ecb7503f8fc1/url'
13:09:23.845 [Forwarding getCurrentUrl on session 5ad97dfb5cc8ee7bdc66ecb7503f8fc1 to remote] DEBUG org.asynchttpclient.netty.request.NettyRequestSender - Using open Channel [id: 0x4eddb369, L:/127.0.0.1:58747 - R:localhost/127.0.0.1:7138] for GET '/session/5ad97dfb5cc8ee7bdc66ecb7503f8fc1/url'
13:09:23.847 [AsyncHttpClient-1-2] DEBUG org.asynchttpclient.netty.handler.HttpHandler - 

Request DefaultFullHttpRequest(decodeResult: success, version: HTTP/1.1, content: EmptyByteBufBE)
GET /session/5ad97dfb5cc8ee7bdc66ecb7503f8fc1/url HTTP/1.1
User-Agent: selenium/4.8.0 (java windows)
Cache-Control: no-cache
Content-Type: application/json; charset=utf-8
host: localhost:7138
accept: */*

Response DefaultHttpResponse(decodeResult: success, version: HTTP/1.1)
HTTP/1.1 200 OK
Content-Length: 73
Content-Type: application/json; charset=utf-8
cache-control: no-cache

13:09:23.847 [AsyncHttpClient-1-2] DEBUG org.asynchttpclient.netty.channel.ChannelManager - Adding key: http://localhost:7138 for channel [id: 0x4eddb369, L:/127.0.0.1:58747 - R:localhost/127.0.0.1:7138]
13:09:23.848 [main] DEBUG net.thucydides.core.steps.StepInterceptor - STARTING STEP: OpenCartStepDefinition.validatesMessage - {0} should see #description
13:09:23.848 [main] DEBUG net.serenitybdd.screenplay.targets.IFrameSwitcher - default content already selected for message
13:09:23.849 [Forwarding findElement on session 5ad97dfb5cc8ee7bdc66ecb7503f8fc1 to remote] DEBUG org.asynchttpclient.netty.request.NettyRequestSender - Using pooled Channel '[id: 0x4eddb369, L:/127.0.0.1:58747 - R:localhost/127.0.0.1:7138]' for 'POST' to 'http://localhost:7138/session/5ad97dfb5cc8ee7bdc66ecb7503f8fc1/element'
13:09:23.849 [Forwarding findElement on session 5ad97dfb5cc8ee7bdc66ecb7503f8fc1 to remote] DEBUG org.asynchttpclient.netty.request.NettyRequestSender - Using open Channel [id: 0x4eddb369, L:/127.0.0.1:58747 - R:localhost/127.0.0.1:7138] for POST '/session/5ad97dfb5cc8ee7bdc66ecb7503f8fc1/element'
13:09:23.856 [AsyncHttpClient-1-2] DEBUG org.asynchttpclient.netty.handler.HttpHandler - 

Request DefaultHttpRequest(decodeResult: success, version: HTTP/1.1)
POST /session/5ad97dfb5cc8ee7bdc66ecb7503f8fc1/element HTTP/1.1
User-Agent: selenium/4.8.0 (java windows)
Content-Length: 75
Content-Type: application/json; charset=utf-8
host: localhost:7138
accept: */*

Response DefaultHttpResponse(decodeResult: success, version: HTTP/1.1)
HTTP/1.1 200 OK
Content-Length: 95
Content-Type: application/json; charset=utf-8
cache-control: no-cache

13:09:23.856 [AsyncHttpClient-1-2] DEBUG org.asynchttpclient.netty.channel.ChannelManager - Adding key: http://localhost:7138 for channel [id: 0x4eddb369, L:/127.0.0.1:58747 - R:localhost/127.0.0.1:7138]
13:09:23.856 [Forwarding getElementText on session 5ad97dfb5cc8ee7bdc66ecb7503f8fc1 to remote] DEBUG org.asynchttpclient.netty.request.NettyRequestSender - Using pooled Channel '[id: 0x4eddb369, L:/127.0.0.1:58747 - R:localhost/127.0.0.1:7138]' for 'GET' to 'http://localhost:7138/session/5ad97dfb5cc8ee7bdc66ecb7503f8fc1/element/B995861C9AE2426C91A1CBFDCCC4A833_element_30/text'
13:09:23.856 [Forwarding getElementText on session 5ad97dfb5cc8ee7bdc66ecb7503f8fc1 to remote] DEBUG org.asynchttpclient.netty.request.NettyRequestSender - Using open Channel [id: 0x4eddb369, L:/127.0.0.1:58747 - R:localhost/127.0.0.1:7138] for GET '/session/5ad97dfb5cc8ee7bdc66ecb7503f8fc1/element/B995861C9AE2426C91A1CBFDCCC4A833_element_30/text'
13:09:23.868 [AsyncHttpClient-1-2] DEBUG org.asynchttpclient.netty.handler.HttpHandler - 

Request DefaultFullHttpRequest(decodeResult: success, version: HTTP/1.1, content: EmptyByteBufBE)
GET /session/5ad97dfb5cc8ee7bdc66ecb7503f8fc1/element/B995861C9AE2426C91A1CBFDCCC4A833_element_30/text HTTP/1.1
User-Agent: selenium/4.8.0 (java windows)
Cache-Control: no-cache
Content-Type: application/json; charset=utf-8
host: localhost:7138
accept: */*

Response DefaultHttpResponse(decodeResult: success, version: HTTP/1.1)
HTTP/1.1 200 OK
Content-Length: 39
Content-Type: application/json; charset=utf-8
cache-control: no-cache

13:09:23.868 [AsyncHttpClient-1-2] DEBUG org.asynchttpclient.netty.channel.ChannelManager - Adding key: http://localhost:7138 for channel [id: 0x4eddb369, L:/127.0.0.1:58747 - R:localhost/127.0.0.1:7138]
13:09:24.070 [main] DEBUG net.thucydides.core.steps.StepInterceptor - STEP DONE: {0} should see #description
  &amp#27;[32mThen &amp#27;[0m&amp#27;[32mshe validates confirmation message &amp#27;[0m&amp#27;[32m&amp#27;[1m"Your order has been placed!"&amp#27;[0m                                                                                &amp#27;[90m# io.cucumber.skeleton.stepdefinitions.OpenCartStepDefinition.validatesMessage(java.lang.String)&amp#27;[0m
13:09:24.073 [Forwarding getAlertText on session 5ad97dfb5cc8ee7bdc66ecb7503f8fc1 to remote] DEBUG org.asynchttpclient.netty.request.NettyRequestSender - Using pooled Channel '[id: 0x4eddb369, L:/127.0.0.1:58747 - R:localhost/127.0.0.1:7138]' for 'GET' to 'http://localhost:7138/session/5ad97dfb5cc8ee7bdc66ecb7503f8fc1/alert/text'
13:09:24.073 [Forwarding getAlertText on session 5ad97dfb5cc8ee7bdc66ecb7503f8fc1 to remote] DEBUG org.asynchttpclient.netty.request.NettyRequestSender - Using open Channel [id: 0x4eddb369, L:/127.0.0.1:58747 - R:localhost/127.0.0.1:7138] for GET '/session/5ad97dfb5cc8ee7bdc66ecb7503f8fc1/alert/text'
13:09:24.074 [AsyncHttpClient-1-2] DEBUG org.asynchttpclient.netty.handler.HttpHandler - 

Request DefaultFullHttpRequest(decodeResult: success, version: HTTP/1.1, content: EmptyByteBufBE)
GET /session/5ad97dfb5cc8ee7bdc66ecb7503f8fc1/alert/text HTTP/1.1
User-Agent: selenium/4.8.0 (java windows)
Cache-Control: no-cache
Content-Type: application/json; charset=utf-8
host: localhost:7138
accept: */*

Response DefaultHttpResponse(decodeResult: success, version: HTTP/1.1)
HTTP/1.1 404 Not Found
Content-Length: 820
Content-Type: application/json; charset=utf-8
cache-control: no-cache

13:09:24.074 [AsyncHttpClient-1-2] DEBUG org.asynchttpclient.netty.channel.ChannelManager - Adding key: http://localhost:7138 for channel [id: 0x4eddb369, L:/127.0.0.1:58747 - R:localhost/127.0.0.1:7138]
13:09:24.075 [Forwarding getCurrentUrl on session 5ad97dfb5cc8ee7bdc66ecb7503f8fc1 to remote] DEBUG org.asynchttpclient.netty.request.NettyRequestSender - Using pooled Channel '[id: 0x4eddb369, L:/127.0.0.1:58747 - R:localhost/127.0.0.1:7138]' for 'GET' to 'http://localhost:7138/session/5ad97dfb5cc8ee7bdc66ecb7503f8fc1/url'
13:09:24.075 [Forwarding getCurrentUrl on session 5ad97dfb5cc8ee7bdc66ecb7503f8fc1 to remote] DEBUG org.asynchttpclient.netty.request.NettyRequestSender - Using open Channel [id: 0x4eddb369, L:/127.0.0.1:58747 - R:localhost/127.0.0.1:7138] for GET '/session/5ad97dfb5cc8ee7bdc66ecb7503f8fc1/url'
13:09:24.078 [AsyncHttpClient-1-2] DEBUG org.asynchttpclient.netty.handler.HttpHandler - 

Request DefaultFullHttpRequest(decodeResult: success, version: HTTP/1.1, content: EmptyByteBufBE)
GET /session/5ad97dfb5cc8ee7bdc66ecb7503f8fc1/url HTTP/1.1
User-Agent: selenium/4.8.0 (java windows)
Cache-Control: no-cache
Content-Type: application/json; charset=utf-8
host: localhost:7138
accept: */*

Response DefaultHttpResponse(decodeResult: success, version: HTTP/1.1)
HTTP/1.1 200 OK
Content-Length: 73
Content-Type: application/json; charset=utf-8
cache-control: no-cache

13:09:24.078 [AsyncHttpClient-1-2] DEBUG org.asynchttpclient.netty.channel.ChannelManager - Adding key: http://localhost:7138 for channel [id: 0x4eddb369, L:/127.0.0.1:58747 - R:localhost/127.0.0.1:7138]
13:09:24.079 [Forwarding screenshot on session 5ad97dfb5cc8ee7bdc66ecb7503f8fc1 to remote] DEBUG org.asynchttpclient.netty.request.NettyRequestSender - Using pooled Channel '[id: 0x4eddb369, L:/127.0.0.1:58747 - R:localhost/127.0.0.1:7138]' for 'GET' to 'http://localhost:7138/session/5ad97dfb5cc8ee7bdc66ecb7503f8fc1/screenshot'
13:09:24.079 [Forwarding screenshot on session 5ad97dfb5cc8ee7bdc66ecb7503f8fc1 to remote] DEBUG org.asynchttpclient.netty.request.NettyRequestSender - Using open Channel [id: 0x4eddb369, L:/127.0.0.1:58747 - R:localhost/127.0.0.1:7138] for GET '/session/5ad97dfb5cc8ee7bdc66ecb7503f8fc1/screenshot'
13:09:24.157 [AsyncHttpClient-1-2] DEBUG org.asynchttpclient.netty.handler.HttpHandler - 

Request DefaultFullHttpRequest(decodeResult: success, version: HTTP/1.1, content: EmptyByteBufBE)
GET /session/5ad97dfb5cc8ee7bdc66ecb7503f8fc1/screenshot HTTP/1.1
User-Agent: selenium/4.8.0 (java windows)
Cache-Control: no-cache
Content-Type: application/json; charset=utf-8
host: localhost:7138
accept: */*

Response DefaultHttpResponse(decodeResult: success, version: HTTP/1.1)
HTTP/1.1 200 OK
Content-Length: 82728
Content-Type: application/json; charset=utf-8
cache-control: no-cache

13:09:24.157 [AsyncHttpClient-1-2] DEBUG org.asynchttpclient.netty.channel.ChannelManager - Adding key: http://localhost:7138 for channel [id: 0x4eddb369, L:/127.0.0.1:58747 - R:localhost/127.0.0.1:7138]
13:09:24.158 [main] DEBUG net.serenitybdd.core.photography.Darkroom - Send negative for processing for target\site\serenity\9921fb2bddfa823b329388f5406fb55f32d3ac894aafcb1eb7163ee109d8a956.png
13:09:24.345 [AsyncHttpClient-1-1] DEBUG org.asynchttpclient.netty.channel.DefaultChannelPool - Entry count for : http://localhost:7138 : 1
13:09:24.345 [AsyncHttpClient-1-1] DEBUG org.asynchttpclient.netty.channel.DefaultChannelPool - Entry count for : http://localhost:58748 : 1
13:09:24.367 [main] INFO  - 
  _____   ___   ___   _____     ___     _     ___   ___   ___   ___  
 |_   _| | __| / __| |_   _|   | _ \   /_\   / __| / __| | __| |   \ 
   | |   | _|  \__ \   | |     |  _/  / _ \  \__ \ \__ \ | _|  | |) |
   |_|   |___| |___/   |_|     |_|   /_/ \_\ |___/ |___/ |___| |___/ 

Adds 2 products
----------------------------------------------------------------------
13:09:24.396 [Driver Command Executor] DEBUG org.asynchttpclient.netty.request.NettyRequestSender - Using pooled Channel '[id: 0x4eddb369, L:/127.0.0.1:58747 - R:localhost/127.0.0.1:7138]' for 'DELETE' to 'http://localhost:7138/session/5ad97dfb5cc8ee7bdc66ecb7503f8fc1'
13:09:24.396 [Driver Command Executor] DEBUG org.asynchttpclient.netty.request.NettyRequestSender - Using open Channel [id: 0x4eddb369, L:/127.0.0.1:58747 - R:localhost/127.0.0.1:7138] for DELETE '/session/5ad97dfb5cc8ee7bdc66ecb7503f8fc1'
13:09:24.423 [AsyncHttpClient-1-4] DEBUG org.asynchttpclient.netty.handler.WebSocketHandler - Unexpected I/O exception on channel [id: 0x3c0a10de, L:/127.0.0.1:58755 - R:localhost/127.0.0.1:58748]
java.io.IOException: An existing connection was forcibly closed by the remote host
	at sun.nio.ch.SocketDispatcher.read0(Native Method)
	at sun.nio.ch.SocketDispatcher.read(SocketDispatcher.java:43)
	at sun.nio.ch.IOUtil.readIntoNativeBuffer(IOUtil.java:223)
	at sun.nio.ch.IOUtil.read(IOUtil.java:192)
	at sun.nio.ch.SocketChannelImpl.read(SocketChannelImpl.java:380)
	at io.netty.buffer.PooledByteBuf.setBytes(PooledByteBuf.java:259)
	at io.netty.buffer.AbstractByteBuf.writeBytes(AbstractByteBuf.java:1132)
	at io.netty.channel.socket.nio.NioSocketChannel.doReadBytes(NioSocketChannel.java:357)
	at io.netty.channel.nio.AbstractNioByteChannel$NioByteUnsafe.read(AbstractNioByteChannel.java:151)
	at io.netty.channel.nio.NioEventLoop.processSelectedKey(NioEventLoop.java:788)
	at io.netty.channel.nio.NioEventLoop.processSelectedKeysOptimized(NioEventLoop.java:724)
	at io.netty.channel.nio.NioEventLoop.processSelectedKeys(NioEventLoop.java:650)
	at io.netty.channel.nio.NioEventLoop.run(NioEventLoop.java:562)
	at io.netty.util.concurrent.SingleThreadEventExecutor$4.run(SingleThreadEventExecutor.java:997)
	at io.netty.util.internal.ThreadExecutorMap$2.run(ThreadExecutorMap.java:74)
	at io.netty.util.concurrent.FastThreadLocalRunnable.run(FastThreadLocalRunnable.java:30)
	at java.lang.Thread.run(Thread.java:748)
13:09:24.423 [AsyncHttpClient-1-3] DEBUG org.asynchttpclient.netty.handler.HttpHandler - Unexpected I/O exception on channel [id: 0xab3abc24, L:/127.0.0.1:58754 - R:localhost/127.0.0.1:58748]
java.io.IOException: An existing connection was forcibly closed by the remote host
	at sun.nio.ch.SocketDispatcher.read0(Native Method)
	at sun.nio.ch.SocketDispatcher.read(SocketDispatcher.java:43)
	at sun.nio.ch.IOUtil.readIntoNativeBuffer(IOUtil.java:223)
	at sun.nio.ch.IOUtil.read(IOUtil.java:192)
	at sun.nio.ch.SocketChannelImpl.read(SocketChannelImpl.java:380)
	at io.netty.buffer.PooledByteBuf.setBytes(PooledByteBuf.java:259)
	at io.netty.buffer.AbstractByteBuf.writeBytes(AbstractByteBuf.java:1132)
	at io.netty.channel.socket.nio.NioSocketChannel.doReadBytes(NioSocketChannel.java:357)
	at io.netty.channel.nio.AbstractNioByteChannel$NioByteUnsafe.read(AbstractNioByteChannel.java:151)
	at io.netty.channel.nio.NioEventLoop.processSelectedKey(NioEventLoop.java:788)
	at io.netty.channel.nio.NioEventLoop.processSelectedKeysOptimized(NioEventLoop.java:724)
	at io.netty.channel.nio.NioEventLoop.processSelectedKeys(NioEventLoop.java:650)
	at io.netty.channel.nio.NioEventLoop.run(NioEventLoop.java:562)
	at io.netty.util.concurrent.SingleThreadEventExecutor$4.run(SingleThreadEventExecutor.java:997)
	at io.netty.util.internal.ThreadExecutorMap$2.run(ThreadExecutorMap.java:74)
	at io.netty.util.concurrent.FastThreadLocalRunnable.run(FastThreadLocalRunnable.java:30)
	at java.lang.Thread.run(Thread.java:748)
13:09:24.423 [AsyncHttpClient-1-3] DEBUG org.asynchttpclient.netty.channel.ChannelManager - Closing Channel [id: 0xab3abc24, L:/127.0.0.1:58754 - R:localhost/127.0.0.1:58748] 
13:09:24.423 [AsyncHttpClient-1-4] DEBUG org.asynchttpclient.netty.handler.WebSocketHandler - Trying to recover from dead Channel: [id: 0x3c0a10de, L:/127.0.0.1:58755 - R:localhost/127.0.0.1:58748]
13:09:24.424 [AsyncHttpClient-1-4] DEBUG org.asynchttpclient.netty.handler.WebSocketHandler - Channel Closed: [id: 0x3c0a10de, L:/127.0.0.1:58755 ! R:localhost/127.0.0.1:58748] with attribute NettyResponseFuture{currentRetry=0,
	isDone=1,
	isCancelled=0,
	asyncHandler=org.asynchttpclient.ws.WebSocketUpgradeHandler@7611eb04,
	nettyRequest=org.asynchttpclient.netty.request.NettyRequest@6e16e7a6,
	future=java.util.concurrent.CompletableFuture@19c06243[Completed normally],
	uri=ws://localhost:58748/devtools/browser/785298b3-662b-4228-90d7-67daa84d1a9e,
	keepAlive=true,
	redirectCount=0,
	timeoutsHolder=null,
	inAuth=0,
	touch=1683914964423}
13:09:24.424 [AsyncHttpClient-1-4] DEBUG org.asynchttpclient.netty.channel.ChannelManager - Closing Channel [id: 0x3c0a10de, L:/127.0.0.1:58755 ! R:localhost/127.0.0.1:58748] 
13:09:24.424 [AsyncHttpClient-1-3] DEBUG org.asynchttpclient.netty.handler.HttpHandler - Channel Closed: [id: 0xab3abc24, L:/127.0.0.1:58754 ! R:localhost/127.0.0.1:58748] with attribute DISCARD
13:09:24.433 [AsyncHttpClient-1-2] DEBUG org.asynchttpclient.netty.handler.HttpHandler - 

Request DefaultFullHttpRequest(decodeResult: success, version: HTTP/1.1, content: EmptyByteBufBE)
DELETE /session/5ad97dfb5cc8ee7bdc66ecb7503f8fc1 HTTP/1.1
User-Agent: selenium/4.8.0 (java windows)
Content-Type: application/json; charset=utf-8
host: localhost:7138
accept: */*

Response DefaultHttpResponse(decodeResult: success, version: HTTP/1.1)
HTTP/1.1 200 OK
Content-Length: 14
Content-Type: application/json; charset=utf-8
cache-control: no-cache

13:09:24.433 [AsyncHttpClient-1-2] DEBUG org.asynchttpclient.netty.channel.ChannelManager - Adding key: http://localhost:7138 for channel [id: 0x4eddb369, L:/127.0.0.1:58747 - R:localhost/127.0.0.1:7138]
13:09:24.453 [AsyncHttpClient-1-2] DEBUG org.asynchttpclient.netty.handler.HttpHandler - Channel Closed: [id: 0x4eddb369, L:/127.0.0.1:58747 ! R:localhost/127.0.0.1:7138] with attribute DISCARD
]]></system-out>
    <system-err><![CDATA[Starting ChromeDriver 113.0.5672.63 (0e1a4471d5ae5bf128b1bd8f4d627c8cbd55f70c-refs/branch-heads/5672@{#912}) on port 7138
Only local connections are allowed.
Please see https://chromedriver.chromium.org/security-considerations for suggestions on keeping ChromeDriver safe.
ChromeDriver was started successfully.
May 12, 2023 1:08:49 PM org.openqa.selenium.devtools.CdpVersionFinder findNearestMatch
WARNING: Unable to find an exact match for CDP version 113, so returning the closest version found: 109
]]></system-err>
  </testcase>
</testsuite>